2024-09-24 18:01:23 [restartedMain] INFO  r.ferrico_api.FerricoApiApplication - Starting FerricoApiApplication using Java 17.0.12 with PID 257532 (/home/joluvc01/IdeaProjects/ferrico_api/target/classes started by joluvc01 in /home/joluvc01/IdeaProjects/ferrico_api)
2024-09-24 18:01:23 [restartedMain] INFO  r.ferrico_api.FerricoApiApplication - No active profile set, falling back to 1 default profile: "default"
2024-09-24 18:01:23 [restartedMain] INFO  o.s.b.d.e.DevToolsPropertyDefaultsPostProcessor - Devtools property defaults active! Set 'spring.devtools.add-properties' to 'false' to disable
2024-09-24 18:01:23 [restartedMain] INFO  o.s.b.d.e.DevToolsPropertyDefaultsPostProcessor - For additional web related logging consider setting the 'logging.level.web' property to 'DEBUG'
2024-09-24 18:01:23 [restartedMain] INFO  o.s.d.r.c.RepositoryConfigurationDelegate - Bootstrapping Spring Data JPA repositories in DEFAULT mode.
2024-09-24 18:01:23 [restartedMain] INFO  o.s.d.r.c.RepositoryConfigurationDelegate - Finished Spring Data repository scanning in 25 ms. Found 2 JPA repository interfaces.
2024-09-24 18:01:23 [restartedMain] INFO  o.s.b.w.e.tomcat.TomcatWebServer - Tomcat initialized with port 8088 (http)
2024-09-24 18:01:23 [restartedMain] INFO  o.a.catalina.core.StandardService - Starting service [Tomcat]
2024-09-24 18:01:23 [restartedMain] INFO  o.a.catalina.core.StandardEngine - Starting Servlet engine: [Apache Tomcat/10.1.28]
2024-09-24 18:01:23 [restartedMain] INFO  o.a.c.c.C.[Tomcat].[localhost].[/] - Initializing Spring embedded WebApplicationContext
2024-09-24 18:01:23 [restartedMain] INFO  o.s.b.w.s.c.ServletWebServerApplicationContext - Root WebApplicationContext: initialization completed in 759 ms
2024-09-24 18:01:23 [restartedMain] INFO  o.h.jpa.internal.util.LogHelper - HHH000204: Processing PersistenceUnitInfo [name: default]
2024-09-24 18:01:23 [restartedMain] INFO  org.hibernate.Version - HHH000412: Hibernate ORM core version 6.5.2.Final
2024-09-24 18:01:23 [restartedMain] INFO  o.h.c.i.RegionFactoryInitiator - HHH000026: Second-level cache disabled
2024-09-24 18:01:24 [restartedMain] INFO  o.s.o.j.p.SpringPersistenceUnitInfo - No LoadTimeWeaver setup: ignoring JPA class transformer
2024-09-24 18:01:24 [restartedMain] INFO  com.zaxxer.hikari.HikariDataSource - HikariPool-1 - Starting...
2024-09-24 18:01:24 [restartedMain] INFO  com.zaxxer.hikari.pool.HikariPool - HikariPool-1 - Added connection com.mysql.cj.jdbc.ConnectionImpl@7a45cf12
2024-09-24 18:01:24 [restartedMain] INFO  com.zaxxer.hikari.HikariDataSource - HikariPool-1 - Start completed.
2024-09-24 18:01:24 [restartedMain] WARN  org.hibernate.orm.deprecation - HHH90000025: MySQL8Dialect does not need to be specified explicitly using 'hibernate.dialect' (remove the property setting and it will be selected by default)
2024-09-24 18:01:24 [restartedMain] WARN  org.hibernate.orm.deprecation - HHH90000026: MySQL8Dialect has been deprecated; use org.hibernate.dialect.MySQLDialect instead
2024-09-24 18:01:24 [restartedMain] INFO  o.h.e.t.j.p.i.JtaPlatformInitiator - HHH000489: No JTA platform available (set 'hibernate.transaction.jta.platform' to enable JTA platform integration)
2024-09-24 18:01:24 [restartedMain] INFO  o.s.o.j.LocalContainerEntityManagerFactoryBean - Initialized JPA EntityManagerFactory for persistence unit 'default'
2024-09-24 18:01:25 [restartedMain] INFO  o.s.s.c.a.a.c.InitializeAuthenticationProviderBeanManagerConfigurer$InitializeAuthenticationProviderManagerConfigurer - Global AuthenticationManager configured with AuthenticationProvider bean with name authenticationProvider
2024-09-24 18:01:25 [restartedMain] WARN  o.s.s.c.a.a.c.InitializeUserDetailsBeanManagerConfigurer$InitializeUserDetailsManagerConfigurer - Global AuthenticationManager configured with an AuthenticationProvider bean. UserDetailsService beans will not be used for username/password login. Consider removing the AuthenticationProvider bean. Alternatively, consider using the UserDetailsService in a manually instantiated DaoAuthenticationProvider.
2024-09-24 18:01:25 [restartedMain] WARN  o.s.b.a.o.j.JpaBaseConfiguration$JpaWebConfiguration - spring.jpa.open-in-view is enabled by default. Therefore, database queries may be performed during view rendering. Explicitly configure spring.jpa.open-in-view to disable this warning
2024-09-24 18:01:25 [restartedMain] INFO  o.s.b.d.a.OptionalLiveReloadServer - LiveReload server is running on port 35729
2024-09-24 18:01:25 [restartedMain] INFO  o.s.b.w.e.tomcat.TomcatWebServer - Tomcat started on port 8088 (http) with context path '/'
2024-09-24 18:01:25 [restartedMain] INFO  r.ferrico_api.FerricoApiApplication - Started FerricoApiApplication in 2.507 seconds (process running for 2.838)
2024-09-24 18:01:25 [restartedMain] INFO  o.s.b.a.l.ConditionEvaluationReportLogger - 

Error starting ApplicationContext. To display the condition evaluation report re-run your application with 'debug' enabled.
2024-09-24 18:01:25 [restartedMain] ERROR o.s.boot.SpringApplication - Application run failed
java.lang.NullPointerException: Cannot invoke "rest.ferrico_api.repository.RoleRepository.findByName(String)" because "this.roleRepository" is null
	at rest.ferrico_api.service.RoleServiceImpl.findByName(RoleServiceImpl.java:24)
	at rest.ferrico_api.config.AdminUserInitializer.run(AdminUserInitializer.java:31)
	at org.springframework.boot.SpringApplication.lambda$callRunner$5(SpringApplication.java:790)
	at org.springframework.util.function.ThrowingConsumer$1.acceptWithException(ThrowingConsumer.java:83)
	at org.springframework.util.function.ThrowingConsumer.accept(ThrowingConsumer.java:60)
	at org.springframework.util.function.ThrowingConsumer$1.accept(ThrowingConsumer.java:88)
	at org.springframework.boot.SpringApplication.callRunner(SpringApplication.java:798)
	at org.springframework.boot.SpringApplication.callRunner(SpringApplication.java:789)
	at org.springframework.boot.SpringApplication.lambda$callRunners$3(SpringApplication.java:774)
	at java.base/java.util.stream.ForEachOps$ForEachOp$OfRef.accept(ForEachOps.java:183)
	at java.base/java.util.stream.SortedOps$SizedRefSortingSink.end(SortedOps.java:357)
	at java.base/java.util.stream.AbstractPipeline.copyInto(AbstractPipeline.java:510)
	at java.base/java.util.stream.AbstractPipeline.wrapAndCopyInto(AbstractPipeline.java:499)
	at java.base/java.util.stream.ForEachOps$ForEachOp.evaluateSequential(ForEachOps.java:150)
	at java.base/java.util.stream.ForEachOps$ForEachOp$OfRef.evaluateSequential(ForEachOps.java:173)
	at java.base/java.util.stream.AbstractPipeline.evaluate(AbstractPipeline.java:234)
	at java.base/java.util.stream.ReferencePipeline.forEach(ReferencePipeline.java:596)
	at org.springframework.boot.SpringApplication.callRunners(SpringApplication.java:774)
	at org.springframework.boot.SpringApplication.run(SpringApplication.java:342)
	at org.springframework.boot.SpringApplication.run(SpringApplication.java:1363)
	at org.springframework.boot.SpringApplication.run(SpringApplication.java:1352)
	at rest.ferrico_api.FerricoApiApplication.main(FerricoApiApplication.java:11)
	at java.base/jdk.internal.reflect.NativeMethodAccessorImpl.invoke0(Native Method)
	at java.base/jdk.internal.reflect.NativeMethodAccessorImpl.invoke(NativeMethodAccessorImpl.java:77)
	at java.base/jdk.internal.reflect.DelegatingMethodAccessorImpl.invoke(DelegatingMethodAccessorImpl.java:43)
	at java.base/java.lang.reflect.Method.invoke(Method.java:569)
	at org.springframework.boot.devtools.restart.RestartLauncher.run(RestartLauncher.java:50)
2024-09-24 18:01:25 [restartedMain] INFO  o.s.o.j.LocalContainerEntityManagerFactoryBean - Closing JPA EntityManagerFactory for persistence unit 'default'
2024-09-24 18:01:25 [restartedMain] INFO  com.zaxxer.hikari.HikariDataSource - HikariPool-1 - Shutdown initiated...
2024-09-24 18:01:25 [restartedMain] INFO  com.zaxxer.hikari.HikariDataSource - HikariPool-1 - Shutdown completed.
2024-09-24 18:03:17 [restartedMain] INFO  r.ferrico_api.FerricoApiApplication - Starting FerricoApiApplication using Java 17.0.12 with PID 259915 (/home/joluvc01/IdeaProjects/ferrico_api/target/classes started by joluvc01 in /home/joluvc01/IdeaProjects/ferrico_api)
2024-09-24 18:03:17 [restartedMain] INFO  r.ferrico_api.FerricoApiApplication - No active profile set, falling back to 1 default profile: "default"
2024-09-24 18:03:17 [restartedMain] INFO  o.s.b.d.e.DevToolsPropertyDefaultsPostProcessor - Devtools property defaults active! Set 'spring.devtools.add-properties' to 'false' to disable
2024-09-24 18:03:17 [restartedMain] INFO  o.s.b.d.e.DevToolsPropertyDefaultsPostProcessor - For additional web related logging consider setting the 'logging.level.web' property to 'DEBUG'
2024-09-24 18:03:17 [restartedMain] INFO  o.s.d.r.c.RepositoryConfigurationDelegate - Bootstrapping Spring Data JPA repositories in DEFAULT mode.
2024-09-24 18:03:17 [restartedMain] INFO  o.s.d.r.c.RepositoryConfigurationDelegate - Finished Spring Data repository scanning in 26 ms. Found 2 JPA repository interfaces.
2024-09-24 18:03:17 [restartedMain] INFO  o.s.b.w.e.tomcat.TomcatWebServer - Tomcat initialized with port 8088 (http)
2024-09-24 18:03:17 [restartedMain] INFO  o.a.catalina.core.StandardService - Starting service [Tomcat]
2024-09-24 18:03:17 [restartedMain] INFO  o.a.catalina.core.StandardEngine - Starting Servlet engine: [Apache Tomcat/10.1.28]
2024-09-24 18:03:17 [restartedMain] INFO  o.a.c.c.C.[Tomcat].[localhost].[/] - Initializing Spring embedded WebApplicationContext
2024-09-24 18:03:17 [restartedMain] INFO  o.s.b.w.s.c.ServletWebServerApplicationContext - Root WebApplicationContext: initialization completed in 700 ms
2024-09-24 18:03:18 [restartedMain] INFO  o.h.jpa.internal.util.LogHelper - HHH000204: Processing PersistenceUnitInfo [name: default]
2024-09-24 18:03:18 [restartedMain] INFO  org.hibernate.Version - HHH000412: Hibernate ORM core version 6.5.2.Final
2024-09-24 18:03:18 [restartedMain] INFO  o.h.c.i.RegionFactoryInitiator - HHH000026: Second-level cache disabled
2024-09-24 18:03:18 [restartedMain] INFO  o.s.o.j.p.SpringPersistenceUnitInfo - No LoadTimeWeaver setup: ignoring JPA class transformer
2024-09-24 18:03:18 [restartedMain] INFO  com.zaxxer.hikari.HikariDataSource - HikariPool-1 - Starting...
2024-09-24 18:03:18 [restartedMain] INFO  com.zaxxer.hikari.pool.HikariPool - HikariPool-1 - Added connection com.mysql.cj.jdbc.ConnectionImpl@61f16245
2024-09-24 18:03:18 [restartedMain] INFO  com.zaxxer.hikari.HikariDataSource - HikariPool-1 - Start completed.
2024-09-24 18:03:18 [restartedMain] WARN  org.hibernate.orm.deprecation - HHH90000025: MySQL8Dialect does not need to be specified explicitly using 'hibernate.dialect' (remove the property setting and it will be selected by default)
2024-09-24 18:03:18 [restartedMain] WARN  org.hibernate.orm.deprecation - HHH90000026: MySQL8Dialect has been deprecated; use org.hibernate.dialect.MySQLDialect instead
2024-09-24 18:03:18 [restartedMain] INFO  o.h.e.t.j.p.i.JtaPlatformInitiator - HHH000489: No JTA platform available (set 'hibernate.transaction.jta.platform' to enable JTA platform integration)
2024-09-24 18:03:18 [restartedMain] INFO  o.s.o.j.LocalContainerEntityManagerFactoryBean - Initialized JPA EntityManagerFactory for persistence unit 'default'
2024-09-24 18:03:19 [restartedMain] INFO  o.s.s.c.a.a.c.InitializeAuthenticationProviderBeanManagerConfigurer$InitializeAuthenticationProviderManagerConfigurer - Global AuthenticationManager configured with AuthenticationProvider bean with name authenticationProvider
2024-09-24 18:03:19 [restartedMain] WARN  o.s.s.c.a.a.c.InitializeUserDetailsBeanManagerConfigurer$InitializeUserDetailsManagerConfigurer - Global AuthenticationManager configured with an AuthenticationProvider bean. UserDetailsService beans will not be used for username/password login. Consider removing the AuthenticationProvider bean. Alternatively, consider using the UserDetailsService in a manually instantiated DaoAuthenticationProvider.
2024-09-24 18:03:19 [restartedMain] WARN  o.s.b.w.s.c.AnnotationConfigServletWebServerApplicationContext - Exception encountered during context initialization - cancelling refresh attempt: org.springframework.beans.factory.UnsatisfiedDependencyException: Error creating bean with name 'userController': Unsatisfied dependency expressed through field 'roleService': Error creating bean with name 'roleServiceImpl': Unsatisfied dependency expressed through field 'roleService': Error creating bean with name 'roleServiceImpl': Requested bean is currently in creation: Is there an unresolvable circular reference?
2024-09-24 18:03:19 [restartedMain] INFO  o.s.o.j.LocalContainerEntityManagerFactoryBean - Closing JPA EntityManagerFactory for persistence unit 'default'
2024-09-24 18:03:19 [restartedMain] INFO  com.zaxxer.hikari.HikariDataSource - HikariPool-1 - Shutdown initiated...
2024-09-24 18:03:19 [restartedMain] INFO  com.zaxxer.hikari.HikariDataSource - HikariPool-1 - Shutdown completed.
2024-09-24 18:03:19 [restartedMain] INFO  o.a.catalina.core.StandardService - Stopping service [Tomcat]
2024-09-24 18:03:19 [restartedMain] INFO  o.s.b.a.l.ConditionEvaluationReportLogger - 

Error starting ApplicationContext. To display the condition evaluation report re-run your application with 'debug' enabled.
2024-09-24 18:03:19 [restartedMain] ERROR o.s.b.d.LoggingFailureAnalysisReporter - 

***************************
APPLICATION FAILED TO START
***************************

Description:

The dependencies of some of the beans in the application context form a cycle:

   userController (field private rest.ferrico_api.service.RoleService rest.ferrico_api.controller.UserController.roleService)
┌─────┐
|  roleServiceImpl (field private rest.ferrico_api.service.RoleService rest.ferrico_api.service.RoleServiceImpl.roleService)
└─────┘


Action:

Relying upon circular references is discouraged and they are prohibited by default. Update your application to remove the dependency cycle between beans. As a last resort, it may be possible to break the cycle automatically by setting spring.main.allow-circular-references to true.

2024-09-24 18:04:58 [restartedMain] INFO  r.ferrico_api.FerricoApiApplication - Starting FerricoApiApplication using Java 17.0.12 with PID 261751 (/home/joluvc01/IdeaProjects/ferrico_api/target/classes started by joluvc01 in /home/joluvc01/IdeaProjects/ferrico_api)
2024-09-24 18:04:58 [restartedMain] INFO  r.ferrico_api.FerricoApiApplication - No active profile set, falling back to 1 default profile: "default"
2024-09-24 18:04:58 [restartedMain] INFO  o.s.b.d.e.DevToolsPropertyDefaultsPostProcessor - Devtools property defaults active! Set 'spring.devtools.add-properties' to 'false' to disable
2024-09-24 18:04:58 [restartedMain] INFO  o.s.b.d.e.DevToolsPropertyDefaultsPostProcessor - For additional web related logging consider setting the 'logging.level.web' property to 'DEBUG'
2024-09-24 18:04:59 [restartedMain] INFO  o.s.d.r.c.RepositoryConfigurationDelegate - Bootstrapping Spring Data JPA repositories in DEFAULT mode.
2024-09-24 18:04:59 [restartedMain] INFO  o.s.d.r.c.RepositoryConfigurationDelegate - Finished Spring Data repository scanning in 24 ms. Found 2 JPA repository interfaces.
2024-09-24 18:04:59 [restartedMain] INFO  o.s.b.w.e.tomcat.TomcatWebServer - Tomcat initialized with port 8088 (http)
2024-09-24 18:04:59 [restartedMain] INFO  o.a.catalina.core.StandardService - Starting service [Tomcat]
2024-09-24 18:04:59 [restartedMain] INFO  o.a.catalina.core.StandardEngine - Starting Servlet engine: [Apache Tomcat/10.1.28]
2024-09-24 18:04:59 [restartedMain] INFO  o.a.c.c.C.[Tomcat].[localhost].[/] - Initializing Spring embedded WebApplicationContext
2024-09-24 18:04:59 [restartedMain] INFO  o.s.b.w.s.c.ServletWebServerApplicationContext - Root WebApplicationContext: initialization completed in 698 ms
2024-09-24 18:04:59 [restartedMain] INFO  o.h.jpa.internal.util.LogHelper - HHH000204: Processing PersistenceUnitInfo [name: default]
2024-09-24 18:04:59 [restartedMain] INFO  org.hibernate.Version - HHH000412: Hibernate ORM core version 6.5.2.Final
2024-09-24 18:04:59 [restartedMain] INFO  o.h.c.i.RegionFactoryInitiator - HHH000026: Second-level cache disabled
2024-09-24 18:04:59 [restartedMain] INFO  o.s.o.j.p.SpringPersistenceUnitInfo - No LoadTimeWeaver setup: ignoring JPA class transformer
2024-09-24 18:04:59 [restartedMain] INFO  com.zaxxer.hikari.HikariDataSource - HikariPool-1 - Starting...
2024-09-24 18:04:59 [restartedMain] INFO  com.zaxxer.hikari.pool.HikariPool - HikariPool-1 - Added connection com.mysql.cj.jdbc.ConnectionImpl@29db3ff6
2024-09-24 18:04:59 [restartedMain] INFO  com.zaxxer.hikari.HikariDataSource - HikariPool-1 - Start completed.
2024-09-24 18:04:59 [restartedMain] WARN  org.hibernate.orm.deprecation - HHH90000025: MySQL8Dialect does not need to be specified explicitly using 'hibernate.dialect' (remove the property setting and it will be selected by default)
2024-09-24 18:04:59 [restartedMain] WARN  org.hibernate.orm.deprecation - HHH90000026: MySQL8Dialect has been deprecated; use org.hibernate.dialect.MySQLDialect instead
2024-09-24 18:05:00 [restartedMain] INFO  o.h.e.t.j.p.i.JtaPlatformInitiator - HHH000489: No JTA platform available (set 'hibernate.transaction.jta.platform' to enable JTA platform integration)
2024-09-24 18:05:00 [restartedMain] INFO  o.s.o.j.LocalContainerEntityManagerFactoryBean - Initialized JPA EntityManagerFactory for persistence unit 'default'
2024-09-24 18:05:00 [restartedMain] INFO  o.s.s.c.a.a.c.InitializeAuthenticationProviderBeanManagerConfigurer$InitializeAuthenticationProviderManagerConfigurer - Global AuthenticationManager configured with AuthenticationProvider bean with name authenticationProvider
2024-09-24 18:05:00 [restartedMain] WARN  o.s.s.c.a.a.c.InitializeUserDetailsBeanManagerConfigurer$InitializeUserDetailsManagerConfigurer - Global AuthenticationManager configured with an AuthenticationProvider bean. UserDetailsService beans will not be used for username/password login. Consider removing the AuthenticationProvider bean. Alternatively, consider using the UserDetailsService in a manually instantiated DaoAuthenticationProvider.
2024-09-24 18:05:00 [restartedMain] WARN  o.s.b.a.o.j.JpaBaseConfiguration$JpaWebConfiguration - spring.jpa.open-in-view is enabled by default. Therefore, database queries may be performed during view rendering. Explicitly configure spring.jpa.open-in-view to disable this warning
2024-09-24 18:05:00 [restartedMain] INFO  o.s.b.d.a.OptionalLiveReloadServer - LiveReload server is running on port 35729
2024-09-24 18:05:00 [restartedMain] INFO  o.s.b.w.e.tomcat.TomcatWebServer - Tomcat started on port 8088 (http) with context path '/'
2024-09-24 18:05:00 [restartedMain] INFO  r.ferrico_api.FerricoApiApplication - Started FerricoApiApplication in 2.344 seconds (process running for 2.614)
2024-09-24 18:05:00 [restartedMain] INFO  o.s.b.a.l.ConditionEvaluationReportLogger - 

Error starting ApplicationContext. To display the condition evaluation report re-run your application with 'debug' enabled.
2024-09-24 18:05:00 [restartedMain] ERROR o.s.boot.SpringApplication - Application run failed
java.lang.NullPointerException: Cannot invoke "rest.ferrico_api.repository.RoleRepository.findByName(String)" because "this.roleRepository" is null
	at rest.ferrico_api.service.RoleServiceImpl.findByName(RoleServiceImpl.java:24)
	at rest.ferrico_api.config.AdminUserInitializer.run(AdminUserInitializer.java:29)
	at org.springframework.boot.SpringApplication.lambda$callRunner$5(SpringApplication.java:790)
	at org.springframework.util.function.ThrowingConsumer$1.acceptWithException(ThrowingConsumer.java:83)
	at org.springframework.util.function.ThrowingConsumer.accept(ThrowingConsumer.java:60)
	at org.springframework.util.function.ThrowingConsumer$1.accept(ThrowingConsumer.java:88)
	at org.springframework.boot.SpringApplication.callRunner(SpringApplication.java:798)
	at org.springframework.boot.SpringApplication.callRunner(SpringApplication.java:789)
	at org.springframework.boot.SpringApplication.lambda$callRunners$3(SpringApplication.java:774)
	at java.base/java.util.stream.ForEachOps$ForEachOp$OfRef.accept(ForEachOps.java:183)
	at java.base/java.util.stream.SortedOps$SizedRefSortingSink.end(SortedOps.java:357)
	at java.base/java.util.stream.AbstractPipeline.copyInto(AbstractPipeline.java:510)
	at java.base/java.util.stream.AbstractPipeline.wrapAndCopyInto(AbstractPipeline.java:499)
	at java.base/java.util.stream.ForEachOps$ForEachOp.evaluateSequential(ForEachOps.java:150)
	at java.base/java.util.stream.ForEachOps$ForEachOp$OfRef.evaluateSequential(ForEachOps.java:173)
	at java.base/java.util.stream.AbstractPipeline.evaluate(AbstractPipeline.java:234)
	at java.base/java.util.stream.ReferencePipeline.forEach(ReferencePipeline.java:596)
	at org.springframework.boot.SpringApplication.callRunners(SpringApplication.java:774)
	at org.springframework.boot.SpringApplication.run(SpringApplication.java:342)
	at org.springframework.boot.SpringApplication.run(SpringApplication.java:1363)
	at org.springframework.boot.SpringApplication.run(SpringApplication.java:1352)
	at rest.ferrico_api.FerricoApiApplication.main(FerricoApiApplication.java:11)
	at java.base/jdk.internal.reflect.NativeMethodAccessorImpl.invoke0(Native Method)
	at java.base/jdk.internal.reflect.NativeMethodAccessorImpl.invoke(NativeMethodAccessorImpl.java:77)
	at java.base/jdk.internal.reflect.DelegatingMethodAccessorImpl.invoke(DelegatingMethodAccessorImpl.java:43)
	at java.base/java.lang.reflect.Method.invoke(Method.java:569)
	at org.springframework.boot.devtools.restart.RestartLauncher.run(RestartLauncher.java:50)
2024-09-24 18:05:00 [restartedMain] INFO  o.s.o.j.LocalContainerEntityManagerFactoryBean - Closing JPA EntityManagerFactory for persistence unit 'default'
2024-09-24 18:05:00 [restartedMain] INFO  com.zaxxer.hikari.HikariDataSource - HikariPool-1 - Shutdown initiated...
2024-09-24 18:05:00 [restartedMain] INFO  com.zaxxer.hikari.HikariDataSource - HikariPool-1 - Shutdown completed.
2024-09-24 18:06:57 [restartedMain] INFO  r.ferrico_api.FerricoApiApplication - Starting FerricoApiApplication using Java 17.0.12 with PID 264001 (/home/joluvc01/IdeaProjects/ferrico_api/target/classes started by joluvc01 in /home/joluvc01/IdeaProjects/ferrico_api)
2024-09-24 18:06:57 [restartedMain] INFO  r.ferrico_api.FerricoApiApplication - No active profile set, falling back to 1 default profile: "default"
2024-09-24 18:06:57 [restartedMain] INFO  o.s.b.d.e.DevToolsPropertyDefaultsPostProcessor - Devtools property defaults active! Set 'spring.devtools.add-properties' to 'false' to disable
2024-09-24 18:06:57 [restartedMain] INFO  o.s.b.d.e.DevToolsPropertyDefaultsPostProcessor - For additional web related logging consider setting the 'logging.level.web' property to 'DEBUG'
2024-09-24 18:06:58 [restartedMain] INFO  o.s.d.r.c.RepositoryConfigurationDelegate - Bootstrapping Spring Data JPA repositories in DEFAULT mode.
2024-09-24 18:06:58 [restartedMain] INFO  o.s.d.r.c.RepositoryConfigurationDelegate - Finished Spring Data repository scanning in 25 ms. Found 2 JPA repository interfaces.
2024-09-24 18:06:58 [restartedMain] INFO  o.s.b.w.e.tomcat.TomcatWebServer - Tomcat initialized with port 8088 (http)
2024-09-24 18:06:58 [restartedMain] INFO  o.a.catalina.core.StandardService - Starting service [Tomcat]
2024-09-24 18:06:58 [restartedMain] INFO  o.a.catalina.core.StandardEngine - Starting Servlet engine: [Apache Tomcat/10.1.28]
2024-09-24 18:06:58 [restartedMain] INFO  o.a.c.c.C.[Tomcat].[localhost].[/] - Initializing Spring embedded WebApplicationContext
2024-09-24 18:06:58 [restartedMain] INFO  o.s.b.w.s.c.ServletWebServerApplicationContext - Root WebApplicationContext: initialization completed in 707 ms
2024-09-24 18:06:58 [restartedMain] INFO  o.h.jpa.internal.util.LogHelper - HHH000204: Processing PersistenceUnitInfo [name: default]
2024-09-24 18:06:58 [restartedMain] INFO  org.hibernate.Version - HHH000412: Hibernate ORM core version 6.5.2.Final
2024-09-24 18:06:58 [restartedMain] INFO  o.h.c.i.RegionFactoryInitiator - HHH000026: Second-level cache disabled
2024-09-24 18:06:58 [restartedMain] INFO  o.s.o.j.p.SpringPersistenceUnitInfo - No LoadTimeWeaver setup: ignoring JPA class transformer
2024-09-24 18:06:58 [restartedMain] INFO  com.zaxxer.hikari.HikariDataSource - HikariPool-1 - Starting...
2024-09-24 18:06:58 [restartedMain] INFO  com.zaxxer.hikari.pool.HikariPool - HikariPool-1 - Added connection com.mysql.cj.jdbc.ConnectionImpl@5ac64c3e
2024-09-24 18:06:58 [restartedMain] INFO  com.zaxxer.hikari.HikariDataSource - HikariPool-1 - Start completed.
2024-09-24 18:06:58 [restartedMain] WARN  org.hibernate.orm.deprecation - HHH90000025: MySQL8Dialect does not need to be specified explicitly using 'hibernate.dialect' (remove the property setting and it will be selected by default)
2024-09-24 18:06:58 [restartedMain] WARN  org.hibernate.orm.deprecation - HHH90000026: MySQL8Dialect has been deprecated; use org.hibernate.dialect.MySQLDialect instead
2024-09-24 18:06:59 [restartedMain] INFO  o.h.e.t.j.p.i.JtaPlatformInitiator - HHH000489: No JTA platform available (set 'hibernate.transaction.jta.platform' to enable JTA platform integration)
2024-09-24 18:06:59 [restartedMain] INFO  o.s.o.j.LocalContainerEntityManagerFactoryBean - Initialized JPA EntityManagerFactory for persistence unit 'default'
2024-09-24 18:06:59 [restartedMain] INFO  o.s.s.c.a.a.c.InitializeAuthenticationProviderBeanManagerConfigurer$InitializeAuthenticationProviderManagerConfigurer - Global AuthenticationManager configured with AuthenticationProvider bean with name authenticationProvider
2024-09-24 18:06:59 [restartedMain] WARN  o.s.s.c.a.a.c.InitializeUserDetailsBeanManagerConfigurer$InitializeUserDetailsManagerConfigurer - Global AuthenticationManager configured with an AuthenticationProvider bean. UserDetailsService beans will not be used for username/password login. Consider removing the AuthenticationProvider bean. Alternatively, consider using the UserDetailsService in a manually instantiated DaoAuthenticationProvider.
2024-09-24 18:06:59 [restartedMain] WARN  o.s.b.a.o.j.JpaBaseConfiguration$JpaWebConfiguration - spring.jpa.open-in-view is enabled by default. Therefore, database queries may be performed during view rendering. Explicitly configure spring.jpa.open-in-view to disable this warning
2024-09-24 18:06:59 [restartedMain] INFO  o.s.b.d.a.OptionalLiveReloadServer - LiveReload server is running on port 35729
2024-09-24 18:06:59 [restartedMain] INFO  o.s.b.w.e.tomcat.TomcatWebServer - Tomcat started on port 8088 (http) with context path '/'
2024-09-24 18:06:59 [restartedMain] INFO  r.ferrico_api.FerricoApiApplication - Started FerricoApiApplication in 2.354 seconds (process running for 2.64)
2024-09-24 18:07:00 [restartedMain] DEBUG org.hibernate.SQL - select r1_0.id,r1_0.active,r1_0.name from role r1_0 where r1_0.name=?
2024-09-24 18:07:00 [restartedMain] DEBUG org.hibernate.SQL - select u1_0.id,u1_0.active,u1_0.lastname,u1_0.name,u1_0.password,u1_0.role_id,u1_0.username from user u1_0 where u1_0.username=?
2024-09-24 18:07:00 [restartedMain] DEBUG org.hibernate.SQL - select r1_0.id,r1_0.active,r1_0.name from role r1_0 where r1_0.name=?
2024-09-24 18:07:00 [restartedMain] INFO  o.s.b.a.l.ConditionEvaluationReportLogger - 

Error starting ApplicationContext. To display the condition evaluation report re-run your application with 'debug' enabled.
2024-09-24 18:07:00 [restartedMain] ERROR o.s.boot.SpringApplication - Application run failed
java.util.NoSuchElementException: No value present
	at java.base/java.util.Optional.get(Optional.java:143)
	at rest.ferrico_api.config.AdminUserInitializer.run(AdminUserInitializer.java:41)
	at org.springframework.boot.SpringApplication.lambda$callRunner$5(SpringApplication.java:790)
	at org.springframework.util.function.ThrowingConsumer$1.acceptWithException(ThrowingConsumer.java:83)
	at org.springframework.util.function.ThrowingConsumer.accept(ThrowingConsumer.java:60)
	at org.springframework.util.function.ThrowingConsumer$1.accept(ThrowingConsumer.java:88)
	at org.springframework.boot.SpringApplication.callRunner(SpringApplication.java:798)
	at org.springframework.boot.SpringApplication.callRunner(SpringApplication.java:789)
	at org.springframework.boot.SpringApplication.lambda$callRunners$3(SpringApplication.java:774)
	at java.base/java.util.stream.ForEachOps$ForEachOp$OfRef.accept(ForEachOps.java:183)
	at java.base/java.util.stream.SortedOps$SizedRefSortingSink.end(SortedOps.java:357)
	at java.base/java.util.stream.AbstractPipeline.copyInto(AbstractPipeline.java:510)
	at java.base/java.util.stream.AbstractPipeline.wrapAndCopyInto(AbstractPipeline.java:499)
	at java.base/java.util.stream.ForEachOps$ForEachOp.evaluateSequential(ForEachOps.java:150)
	at java.base/java.util.stream.ForEachOps$ForEachOp$OfRef.evaluateSequential(ForEachOps.java:173)
	at java.base/java.util.stream.AbstractPipeline.evaluate(AbstractPipeline.java:234)
	at java.base/java.util.stream.ReferencePipeline.forEach(ReferencePipeline.java:596)
	at org.springframework.boot.SpringApplication.callRunners(SpringApplication.java:774)
	at org.springframework.boot.SpringApplication.run(SpringApplication.java:342)
	at org.springframework.boot.SpringApplication.run(SpringApplication.java:1363)
	at org.springframework.boot.SpringApplication.run(SpringApplication.java:1352)
	at rest.ferrico_api.FerricoApiApplication.main(FerricoApiApplication.java:11)
	at java.base/jdk.internal.reflect.NativeMethodAccessorImpl.invoke0(Native Method)
	at java.base/jdk.internal.reflect.NativeMethodAccessorImpl.invoke(NativeMethodAccessorImpl.java:77)
	at java.base/jdk.internal.reflect.DelegatingMethodAccessorImpl.invoke(DelegatingMethodAccessorImpl.java:43)
	at java.base/java.lang.reflect.Method.invoke(Method.java:569)
	at org.springframework.boot.devtools.restart.RestartLauncher.run(RestartLauncher.java:50)
2024-09-24 18:07:00 [restartedMain] INFO  o.s.o.j.LocalContainerEntityManagerFactoryBean - Closing JPA EntityManagerFactory for persistence unit 'default'
2024-09-24 18:07:00 [restartedMain] INFO  com.zaxxer.hikari.HikariDataSource - HikariPool-1 - Shutdown initiated...
2024-09-24 18:07:00 [restartedMain] INFO  com.zaxxer.hikari.HikariDataSource - HikariPool-1 - Shutdown completed.
2024-09-24 18:07:44 [restartedMain] INFO  r.ferrico_api.FerricoApiApplication - Starting FerricoApiApplication using Java 17.0.12 with PID 264984 (/home/joluvc01/IdeaProjects/ferrico_api/target/classes started by joluvc01 in /home/joluvc01/IdeaProjects/ferrico_api)
2024-09-24 18:07:44 [restartedMain] INFO  r.ferrico_api.FerricoApiApplication - No active profile set, falling back to 1 default profile: "default"
2024-09-24 18:07:44 [restartedMain] INFO  o.s.b.d.e.DevToolsPropertyDefaultsPostProcessor - Devtools property defaults active! Set 'spring.devtools.add-properties' to 'false' to disable
2024-09-24 18:07:44 [restartedMain] INFO  o.s.b.d.e.DevToolsPropertyDefaultsPostProcessor - For additional web related logging consider setting the 'logging.level.web' property to 'DEBUG'
2024-09-24 18:07:44 [restartedMain] INFO  o.s.d.r.c.RepositoryConfigurationDelegate - Bootstrapping Spring Data JPA repositories in DEFAULT mode.
2024-09-24 18:07:44 [restartedMain] INFO  o.s.d.r.c.RepositoryConfigurationDelegate - Finished Spring Data repository scanning in 24 ms. Found 2 JPA repository interfaces.
2024-09-24 18:07:45 [restartedMain] INFO  o.s.b.w.e.tomcat.TomcatWebServer - Tomcat initialized with port 8088 (http)
2024-09-24 18:07:45 [restartedMain] INFO  o.a.catalina.core.StandardService - Starting service [Tomcat]
2024-09-24 18:07:45 [restartedMain] INFO  o.a.catalina.core.StandardEngine - Starting Servlet engine: [Apache Tomcat/10.1.28]
2024-09-24 18:07:45 [restartedMain] INFO  o.a.c.c.C.[Tomcat].[localhost].[/] - Initializing Spring embedded WebApplicationContext
2024-09-24 18:07:45 [restartedMain] INFO  o.s.b.w.s.c.ServletWebServerApplicationContext - Root WebApplicationContext: initialization completed in 685 ms
2024-09-24 18:07:45 [restartedMain] INFO  o.h.jpa.internal.util.LogHelper - HHH000204: Processing PersistenceUnitInfo [name: default]
2024-09-24 18:07:45 [restartedMain] INFO  org.hibernate.Version - HHH000412: Hibernate ORM core version 6.5.2.Final
2024-09-24 18:07:45 [restartedMain] INFO  o.h.c.i.RegionFactoryInitiator - HHH000026: Second-level cache disabled
2024-09-24 18:07:45 [restartedMain] INFO  o.s.o.j.p.SpringPersistenceUnitInfo - No LoadTimeWeaver setup: ignoring JPA class transformer
2024-09-24 18:07:45 [restartedMain] INFO  com.zaxxer.hikari.HikariDataSource - HikariPool-1 - Starting...
2024-09-24 18:07:45 [restartedMain] INFO  com.zaxxer.hikari.pool.HikariPool - HikariPool-1 - Added connection com.mysql.cj.jdbc.ConnectionImpl@28d465fd
2024-09-24 18:07:45 [restartedMain] INFO  com.zaxxer.hikari.HikariDataSource - HikariPool-1 - Start completed.
2024-09-24 18:07:45 [restartedMain] WARN  org.hibernate.orm.deprecation - HHH90000025: MySQL8Dialect does not need to be specified explicitly using 'hibernate.dialect' (remove the property setting and it will be selected by default)
2024-09-24 18:07:45 [restartedMain] WARN  org.hibernate.orm.deprecation - HHH90000026: MySQL8Dialect has been deprecated; use org.hibernate.dialect.MySQLDialect instead
2024-09-24 18:07:45 [restartedMain] INFO  o.h.e.t.j.p.i.JtaPlatformInitiator - HHH000489: No JTA platform available (set 'hibernate.transaction.jta.platform' to enable JTA platform integration)
2024-09-24 18:07:45 [restartedMain] INFO  o.s.o.j.LocalContainerEntityManagerFactoryBean - Initialized JPA EntityManagerFactory for persistence unit 'default'
2024-09-24 18:07:46 [restartedMain] INFO  o.s.s.c.a.a.c.InitializeAuthenticationProviderBeanManagerConfigurer$InitializeAuthenticationProviderManagerConfigurer - Global AuthenticationManager configured with AuthenticationProvider bean with name authenticationProvider
2024-09-24 18:07:46 [restartedMain] WARN  o.s.s.c.a.a.c.InitializeUserDetailsBeanManagerConfigurer$InitializeUserDetailsManagerConfigurer - Global AuthenticationManager configured with an AuthenticationProvider bean. UserDetailsService beans will not be used for username/password login. Consider removing the AuthenticationProvider bean. Alternatively, consider using the UserDetailsService in a manually instantiated DaoAuthenticationProvider.
2024-09-24 18:07:46 [restartedMain] WARN  o.s.b.a.o.j.JpaBaseConfiguration$JpaWebConfiguration - spring.jpa.open-in-view is enabled by default. Therefore, database queries may be performed during view rendering. Explicitly configure spring.jpa.open-in-view to disable this warning
2024-09-24 18:07:46 [restartedMain] INFO  o.s.b.d.a.OptionalLiveReloadServer - LiveReload server is running on port 35729
2024-09-24 18:07:46 [restartedMain] INFO  o.s.b.w.e.tomcat.TomcatWebServer - Tomcat started on port 8088 (http) with context path '/'
2024-09-24 18:07:46 [restartedMain] INFO  r.ferrico_api.FerricoApiApplication - Started FerricoApiApplication in 2.347 seconds (process running for 2.622)
2024-09-24 18:07:46 [restartedMain] DEBUG org.hibernate.SQL - select r1_0.id,r1_0.active,r1_0.name from role r1_0 where r1_0.name=?
2024-09-24 18:07:46 [restartedMain] DEBUG org.hibernate.SQL - select u1_0.id,u1_0.active,u1_0.lastname,u1_0.name,u1_0.password,u1_0.role_id,u1_0.username from user u1_0 where u1_0.username=?
2024-09-24 18:07:46 [restartedMain] DEBUG org.hibernate.SQL - select r1_0.id,r1_0.active,r1_0.name from role r1_0 where r1_0.name=?
2024-09-24 18:07:46 [restartedMain] INFO  o.s.b.a.l.ConditionEvaluationReportLogger - 

Error starting ApplicationContext. To display the condition evaluation report re-run your application with 'debug' enabled.
2024-09-24 18:07:46 [restartedMain] ERROR o.s.boot.SpringApplication - Application run failed
java.util.NoSuchElementException: No value present
	at java.base/java.util.Optional.get(Optional.java:143)
	at rest.ferrico_api.config.AdminUserInitializer.run(AdminUserInitializer.java:40)
	at org.springframework.boot.SpringApplication.lambda$callRunner$5(SpringApplication.java:790)
	at org.springframework.util.function.ThrowingConsumer$1.acceptWithException(ThrowingConsumer.java:83)
	at org.springframework.util.function.ThrowingConsumer.accept(ThrowingConsumer.java:60)
	at org.springframework.util.function.ThrowingConsumer$1.accept(ThrowingConsumer.java:88)
	at org.springframework.boot.SpringApplication.callRunner(SpringApplication.java:798)
	at org.springframework.boot.SpringApplication.callRunner(SpringApplication.java:789)
	at org.springframework.boot.SpringApplication.lambda$callRunners$3(SpringApplication.java:774)
	at java.base/java.util.stream.ForEachOps$ForEachOp$OfRef.accept(ForEachOps.java:183)
	at java.base/java.util.stream.SortedOps$SizedRefSortingSink.end(SortedOps.java:357)
	at java.base/java.util.stream.AbstractPipeline.copyInto(AbstractPipeline.java:510)
	at java.base/java.util.stream.AbstractPipeline.wrapAndCopyInto(AbstractPipeline.java:499)
	at java.base/java.util.stream.ForEachOps$ForEachOp.evaluateSequential(ForEachOps.java:150)
	at java.base/java.util.stream.ForEachOps$ForEachOp$OfRef.evaluateSequential(ForEachOps.java:173)
	at java.base/java.util.stream.AbstractPipeline.evaluate(AbstractPipeline.java:234)
	at java.base/java.util.stream.ReferencePipeline.forEach(ReferencePipeline.java:596)
	at org.springframework.boot.SpringApplication.callRunners(SpringApplication.java:774)
	at org.springframework.boot.SpringApplication.run(SpringApplication.java:342)
	at org.springframework.boot.SpringApplication.run(SpringApplication.java:1363)
	at org.springframework.boot.SpringApplication.run(SpringApplication.java:1352)
	at rest.ferrico_api.FerricoApiApplication.main(FerricoApiApplication.java:11)
	at java.base/jdk.internal.reflect.NativeMethodAccessorImpl.invoke0(Native Method)
	at java.base/jdk.internal.reflect.NativeMethodAccessorImpl.invoke(NativeMethodAccessorImpl.java:77)
	at java.base/jdk.internal.reflect.DelegatingMethodAccessorImpl.invoke(DelegatingMethodAccessorImpl.java:43)
	at java.base/java.lang.reflect.Method.invoke(Method.java:569)
	at org.springframework.boot.devtools.restart.RestartLauncher.run(RestartLauncher.java:50)
2024-09-24 18:07:46 [restartedMain] INFO  o.s.o.j.LocalContainerEntityManagerFactoryBean - Closing JPA EntityManagerFactory for persistence unit 'default'
2024-09-24 18:07:46 [restartedMain] INFO  com.zaxxer.hikari.HikariDataSource - HikariPool-1 - Shutdown initiated...
2024-09-24 18:07:46 [restartedMain] INFO  com.zaxxer.hikari.HikariDataSource - HikariPool-1 - Shutdown completed.
2024-09-24 18:09:15 [restartedMain] INFO  r.ferrico_api.FerricoApiApplication - Starting FerricoApiApplication using Java 17.0.12 with PID 266685 (/home/joluvc01/IdeaProjects/ferrico_api/target/classes started by joluvc01 in /home/joluvc01/IdeaProjects/ferrico_api)
2024-09-24 18:09:15 [restartedMain] INFO  r.ferrico_api.FerricoApiApplication - No active profile set, falling back to 1 default profile: "default"
2024-09-24 18:09:15 [restartedMain] INFO  o.s.b.d.e.DevToolsPropertyDefaultsPostProcessor - Devtools property defaults active! Set 'spring.devtools.add-properties' to 'false' to disable
2024-09-24 18:09:15 [restartedMain] INFO  o.s.b.d.e.DevToolsPropertyDefaultsPostProcessor - For additional web related logging consider setting the 'logging.level.web' property to 'DEBUG'
2024-09-24 18:09:15 [restartedMain] INFO  o.s.d.r.c.RepositoryConfigurationDelegate - Bootstrapping Spring Data JPA repositories in DEFAULT mode.
2024-09-24 18:09:15 [restartedMain] INFO  o.s.d.r.c.RepositoryConfigurationDelegate - Finished Spring Data repository scanning in 25 ms. Found 2 JPA repository interfaces.
2024-09-24 18:09:15 [restartedMain] INFO  o.s.b.w.e.tomcat.TomcatWebServer - Tomcat initialized with port 8088 (http)
2024-09-24 18:09:15 [restartedMain] INFO  o.a.catalina.core.StandardService - Starting service [Tomcat]
2024-09-24 18:09:15 [restartedMain] INFO  o.a.catalina.core.StandardEngine - Starting Servlet engine: [Apache Tomcat/10.1.28]
2024-09-24 18:09:15 [restartedMain] INFO  o.a.c.c.C.[Tomcat].[localhost].[/] - Initializing Spring embedded WebApplicationContext
2024-09-24 18:09:15 [restartedMain] INFO  o.s.b.w.s.c.ServletWebServerApplicationContext - Root WebApplicationContext: initialization completed in 690 ms
2024-09-24 18:09:15 [restartedMain] INFO  o.h.jpa.internal.util.LogHelper - HHH000204: Processing PersistenceUnitInfo [name: default]
2024-09-24 18:09:15 [restartedMain] INFO  org.hibernate.Version - HHH000412: Hibernate ORM core version 6.5.2.Final
2024-09-24 18:09:15 [restartedMain] INFO  o.h.c.i.RegionFactoryInitiator - HHH000026: Second-level cache disabled
2024-09-24 18:09:15 [restartedMain] INFO  o.s.o.j.p.SpringPersistenceUnitInfo - No LoadTimeWeaver setup: ignoring JPA class transformer
2024-09-24 18:09:15 [restartedMain] INFO  com.zaxxer.hikari.HikariDataSource - HikariPool-1 - Starting...
2024-09-24 18:09:16 [restartedMain] INFO  com.zaxxer.hikari.pool.HikariPool - HikariPool-1 - Added connection com.mysql.cj.jdbc.ConnectionImpl@28d465fd
2024-09-24 18:09:16 [restartedMain] INFO  com.zaxxer.hikari.HikariDataSource - HikariPool-1 - Start completed.
2024-09-24 18:09:16 [restartedMain] WARN  org.hibernate.orm.deprecation - HHH90000025: MySQL8Dialect does not need to be specified explicitly using 'hibernate.dialect' (remove the property setting and it will be selected by default)
2024-09-24 18:09:16 [restartedMain] WARN  org.hibernate.orm.deprecation - HHH90000026: MySQL8Dialect has been deprecated; use org.hibernate.dialect.MySQLDialect instead
2024-09-24 18:09:16 [restartedMain] INFO  o.h.e.t.j.p.i.JtaPlatformInitiator - HHH000489: No JTA platform available (set 'hibernate.transaction.jta.platform' to enable JTA platform integration)
2024-09-24 18:09:16 [restartedMain] INFO  o.s.o.j.LocalContainerEntityManagerFactoryBean - Initialized JPA EntityManagerFactory for persistence unit 'default'
2024-09-24 18:09:16 [restartedMain] INFO  o.s.s.c.a.a.c.InitializeAuthenticationProviderBeanManagerConfigurer$InitializeAuthenticationProviderManagerConfigurer - Global AuthenticationManager configured with AuthenticationProvider bean with name authenticationProvider
2024-09-24 18:09:16 [restartedMain] WARN  o.s.s.c.a.a.c.InitializeUserDetailsBeanManagerConfigurer$InitializeUserDetailsManagerConfigurer - Global AuthenticationManager configured with an AuthenticationProvider bean. UserDetailsService beans will not be used for username/password login. Consider removing the AuthenticationProvider bean. Alternatively, consider using the UserDetailsService in a manually instantiated DaoAuthenticationProvider.
2024-09-24 18:09:16 [restartedMain] WARN  o.s.b.a.o.j.JpaBaseConfiguration$JpaWebConfiguration - spring.jpa.open-in-view is enabled by default. Therefore, database queries may be performed during view rendering. Explicitly configure spring.jpa.open-in-view to disable this warning
2024-09-24 18:09:17 [restartedMain] INFO  o.s.b.d.a.OptionalLiveReloadServer - LiveReload server is running on port 35729
2024-09-24 18:09:17 [restartedMain] INFO  o.s.b.w.e.tomcat.TomcatWebServer - Tomcat started on port 8088 (http) with context path '/'
2024-09-24 18:09:17 [restartedMain] INFO  r.ferrico_api.FerricoApiApplication - Started FerricoApiApplication in 2.348 seconds (process running for 2.62)
2024-09-24 18:09:17 [restartedMain] DEBUG org.hibernate.SQL - select r1_0.id,r1_0.active,r1_0.name from role r1_0 where r1_0.name=?
2024-09-24 18:09:17 [restartedMain] DEBUG org.hibernate.SQL - insert into role (active,name) values (?,?)
2024-09-24 18:09:17 [restartedMain] DEBUG org.hibernate.SQL - select u1_0.id,u1_0.active,u1_0.lastname,u1_0.name,u1_0.password,u1_0.role_id,u1_0.username from user u1_0 where u1_0.username=?
2024-09-24 18:09:17 [restartedMain] DEBUG org.hibernate.SQL - insert into user (active,lastname,name,password,role_id,username) values (?,?,?,?,?,?)
2024-09-24 18:09:43 [File Watcher] INFO  o.s.b.d.a.LocalDevToolsAutoConfiguration$RestartingClassPathChangeChangedEventListener - Restarting due to 1 class path change (0 additions, 1 deletion, 0 modifications)
2024-09-24 18:09:43 [Thread-5] INFO  o.s.o.j.LocalContainerEntityManagerFactoryBean - Closing JPA EntityManagerFactory for persistence unit 'default'
2024-09-24 18:09:43 [Thread-5] INFO  com.zaxxer.hikari.HikariDataSource - HikariPool-1 - Shutdown initiated...
2024-09-24 18:09:43 [Thread-5] INFO  com.zaxxer.hikari.HikariDataSource - HikariPool-1 - Shutdown completed.
2024-09-24 18:09:43 [restartedMain] INFO  r.ferrico_api.FerricoApiApplication - Starting FerricoApiApplication using Java 17.0.12 with PID 266685 (/home/joluvc01/IdeaProjects/ferrico_api/target/classes started by joluvc01 in /home/joluvc01/IdeaProjects/ferrico_api)
2024-09-24 18:09:43 [restartedMain] INFO  r.ferrico_api.FerricoApiApplication - No active profile set, falling back to 1 default profile: "default"
2024-09-24 18:09:43 [restartedMain] INFO  o.s.d.r.c.RepositoryConfigurationDelegate - Bootstrapping Spring Data JPA repositories in DEFAULT mode.
2024-09-24 18:09:43 [restartedMain] INFO  o.s.d.r.c.RepositoryConfigurationDelegate - Finished Spring Data repository scanning in 6 ms. Found 2 JPA repository interfaces.
2024-09-24 18:09:43 [restartedMain] INFO  o.s.b.w.e.tomcat.TomcatWebServer - Tomcat initialized with port 8088 (http)
2024-09-24 18:09:43 [restartedMain] INFO  o.a.catalina.core.StandardService - Starting service [Tomcat]
2024-09-24 18:09:43 [restartedMain] INFO  o.a.catalina.core.StandardEngine - Starting Servlet engine: [Apache Tomcat/10.1.28]
2024-09-24 18:09:43 [restartedMain] INFO  o.a.c.c.C.[Tomcat].[localhost].[/] - Initializing Spring embedded WebApplicationContext
2024-09-24 18:09:43 [restartedMain] INFO  o.s.b.w.s.c.ServletWebServerApplicationContext - Root WebApplicationContext: initialization completed in 164 ms
2024-09-24 18:09:43 [restartedMain] INFO  o.h.jpa.internal.util.LogHelper - HHH000204: Processing PersistenceUnitInfo [name: default]
2024-09-24 18:09:43 [restartedMain] INFO  o.h.c.i.RegionFactoryInitiator - HHH000026: Second-level cache disabled
2024-09-24 18:09:43 [restartedMain] INFO  o.s.o.j.p.SpringPersistenceUnitInfo - No LoadTimeWeaver setup: ignoring JPA class transformer
2024-09-24 18:09:43 [restartedMain] INFO  com.zaxxer.hikari.HikariDataSource - HikariPool-2 - Starting...
2024-09-24 18:09:43 [restartedMain] INFO  com.zaxxer.hikari.pool.HikariPool - HikariPool-2 - Added connection com.mysql.cj.jdbc.ConnectionImpl@3ada3335
2024-09-24 18:09:43 [restartedMain] INFO  com.zaxxer.hikari.HikariDataSource - HikariPool-2 - Start completed.
2024-09-24 18:09:43 [restartedMain] WARN  org.hibernate.orm.deprecation - HHH90000025: MySQL8Dialect does not need to be specified explicitly using 'hibernate.dialect' (remove the property setting and it will be selected by default)
2024-09-24 18:09:43 [restartedMain] WARN  org.hibernate.orm.deprecation - HHH90000026: MySQL8Dialect has been deprecated; use org.hibernate.dialect.MySQLDialect instead
2024-09-24 18:09:43 [restartedMain] INFO  o.h.e.t.j.p.i.JtaPlatformInitiator - HHH000489: No JTA platform available (set 'hibernate.transaction.jta.platform' to enable JTA platform integration)
2024-09-24 18:09:43 [restartedMain] INFO  o.s.o.j.LocalContainerEntityManagerFactoryBean - Initialized JPA EntityManagerFactory for persistence unit 'default'
2024-09-24 18:09:44 [restartedMain] INFO  o.s.s.c.a.a.c.InitializeAuthenticationProviderBeanManagerConfigurer$InitializeAuthenticationProviderManagerConfigurer - Global AuthenticationManager configured with AuthenticationProvider bean with name authenticationProvider
2024-09-24 18:09:44 [restartedMain] WARN  o.s.s.c.a.a.c.InitializeUserDetailsBeanManagerConfigurer$InitializeUserDetailsManagerConfigurer - Global AuthenticationManager configured with an AuthenticationProvider bean. UserDetailsService beans will not be used for username/password login. Consider removing the AuthenticationProvider bean. Alternatively, consider using the UserDetailsService in a manually instantiated DaoAuthenticationProvider.
2024-09-24 18:09:44 [restartedMain] WARN  o.s.b.a.o.j.JpaBaseConfiguration$JpaWebConfiguration - spring.jpa.open-in-view is enabled by default. Therefore, database queries may be performed during view rendering. Explicitly configure spring.jpa.open-in-view to disable this warning
2024-09-24 18:09:44 [restartedMain] INFO  o.s.b.d.a.OptionalLiveReloadServer - LiveReload server is running on port 35729
2024-09-24 18:09:44 [restartedMain] INFO  o.s.b.w.e.tomcat.TomcatWebServer - Tomcat started on port 8088 (http) with context path '/'
2024-09-24 18:09:44 [restartedMain] INFO  r.ferrico_api.FerricoApiApplication - Started FerricoApiApplication in 0.478 seconds (process running for 29.562)
2024-09-24 18:09:44 [restartedMain] DEBUG org.hibernate.SQL - select r1_0.id,r1_0.active,r1_0.name from role r1_0 where r1_0.name=?
2024-09-24 18:09:44 [restartedMain] DEBUG org.hibernate.SQL - select u1_0.id,u1_0.active,u1_0.lastname,u1_0.name,u1_0.password,u1_0.role_id,u1_0.username from user u1_0 where u1_0.username=?
2024-09-24 18:09:44 [restartedMain] INFO  o.s.b.d.a.ConditionEvaluationDeltaLoggingListener - Condition evaluation unchanged
2024-09-24 18:09:45 [File Watcher] INFO  o.s.b.d.a.LocalDevToolsAutoConfiguration$RestartingClassPathChangeChangedEventListener - Restarting due to 1 class path change (1 addition, 0 deletions, 0 modifications)
2024-09-24 18:09:45 [Thread-7] INFO  o.s.o.j.LocalContainerEntityManagerFactoryBean - Closing JPA EntityManagerFactory for persistence unit 'default'
2024-09-24 18:09:45 [Thread-7] INFO  com.zaxxer.hikari.HikariDataSource - HikariPool-2 - Shutdown initiated...
2024-09-24 18:09:45 [Thread-7] INFO  com.zaxxer.hikari.HikariDataSource - HikariPool-2 - Shutdown completed.
2024-09-24 18:09:45 [restartedMain] INFO  r.ferrico_api.FerricoApiApplication - Starting FerricoApiApplication using Java 17.0.12 with PID 266685 (/home/joluvc01/IdeaProjects/ferrico_api/target/classes started by joluvc01 in /home/joluvc01/IdeaProjects/ferrico_api)
2024-09-24 18:09:45 [restartedMain] INFO  r.ferrico_api.FerricoApiApplication - No active profile set, falling back to 1 default profile: "default"
2024-09-24 18:09:45 [restartedMain] INFO  o.s.d.r.c.RepositoryConfigurationDelegate - Bootstrapping Spring Data JPA repositories in DEFAULT mode.
2024-09-24 18:09:45 [restartedMain] INFO  o.s.d.r.c.RepositoryConfigurationDelegate - Finished Spring Data repository scanning in 4 ms. Found 2 JPA repository interfaces.
2024-09-24 18:09:45 [restartedMain] INFO  o.s.b.w.e.tomcat.TomcatWebServer - Tomcat initialized with port 8088 (http)
2024-09-24 18:09:45 [restartedMain] INFO  o.a.catalina.core.StandardService - Starting service [Tomcat]
2024-09-24 18:09:45 [restartedMain] INFO  o.a.catalina.core.StandardEngine - Starting Servlet engine: [Apache Tomcat/10.1.28]
2024-09-24 18:09:45 [restartedMain] INFO  o.a.c.c.C.[Tomcat].[localhost].[/] - Initializing Spring embedded WebApplicationContext
2024-09-24 18:09:45 [restartedMain] INFO  o.s.b.w.s.c.ServletWebServerApplicationContext - Root WebApplicationContext: initialization completed in 133 ms
2024-09-24 18:09:45 [restartedMain] INFO  o.h.jpa.internal.util.LogHelper - HHH000204: Processing PersistenceUnitInfo [name: default]
2024-09-24 18:09:45 [restartedMain] INFO  o.h.c.i.RegionFactoryInitiator - HHH000026: Second-level cache disabled
2024-09-24 18:09:45 [restartedMain] INFO  o.s.o.j.p.SpringPersistenceUnitInfo - No LoadTimeWeaver setup: ignoring JPA class transformer
2024-09-24 18:09:45 [restartedMain] INFO  com.zaxxer.hikari.HikariDataSource - HikariPool-3 - Starting...
2024-09-24 18:09:45 [restartedMain] INFO  com.zaxxer.hikari.pool.HikariPool - HikariPool-3 - Added connection com.mysql.cj.jdbc.ConnectionImpl@38d24391
2024-09-24 18:09:45 [restartedMain] INFO  com.zaxxer.hikari.HikariDataSource - HikariPool-3 - Start completed.
2024-09-24 18:09:45 [restartedMain] WARN  org.hibernate.orm.deprecation - HHH90000025: MySQL8Dialect does not need to be specified explicitly using 'hibernate.dialect' (remove the property setting and it will be selected by default)
2024-09-24 18:09:45 [restartedMain] WARN  org.hibernate.orm.deprecation - HHH90000026: MySQL8Dialect has been deprecated; use org.hibernate.dialect.MySQLDialect instead
2024-09-24 18:09:45 [restartedMain] INFO  o.h.e.t.j.p.i.JtaPlatformInitiator - HHH000489: No JTA platform available (set 'hibernate.transaction.jta.platform' to enable JTA platform integration)
2024-09-24 18:09:45 [restartedMain] INFO  o.s.o.j.LocalContainerEntityManagerFactoryBean - Initialized JPA EntityManagerFactory for persistence unit 'default'
2024-09-24 18:09:45 [restartedMain] INFO  o.s.s.c.a.a.c.InitializeAuthenticationProviderBeanManagerConfigurer$InitializeAuthenticationProviderManagerConfigurer - Global AuthenticationManager configured with AuthenticationProvider bean with name authenticationProvider
2024-09-24 18:09:45 [restartedMain] WARN  o.s.s.c.a.a.c.InitializeUserDetailsBeanManagerConfigurer$InitializeUserDetailsManagerConfigurer - Global AuthenticationManager configured with an AuthenticationProvider bean. UserDetailsService beans will not be used for username/password login. Consider removing the AuthenticationProvider bean. Alternatively, consider using the UserDetailsService in a manually instantiated DaoAuthenticationProvider.
2024-09-24 18:09:45 [restartedMain] WARN  o.s.b.a.o.j.JpaBaseConfiguration$JpaWebConfiguration - spring.jpa.open-in-view is enabled by default. Therefore, database queries may be performed during view rendering. Explicitly configure spring.jpa.open-in-view to disable this warning
2024-09-24 18:09:45 [restartedMain] INFO  o.s.b.d.a.OptionalLiveReloadServer - LiveReload server is running on port 35729
2024-09-24 18:09:45 [restartedMain] INFO  o.s.b.w.e.tomcat.TomcatWebServer - Tomcat started on port 8088 (http) with context path '/'
2024-09-24 18:09:45 [restartedMain] INFO  r.ferrico_api.FerricoApiApplication - Started FerricoApiApplication in 0.411 seconds (process running for 31.405)
2024-09-24 18:09:45 [restartedMain] DEBUG org.hibernate.SQL - select r1_0.id,r1_0.active,r1_0.name from role r1_0 where r1_0.name=?
2024-09-24 18:09:45 [restartedMain] DEBUG org.hibernate.SQL - select u1_0.id,u1_0.active,u1_0.lastname,u1_0.name,u1_0.password,u1_0.role_id,u1_0.username from user u1_0 where u1_0.username=?
2024-09-24 18:09:45 [restartedMain] INFO  o.s.b.d.a.ConditionEvaluationDeltaLoggingListener - Condition evaluation unchanged
2024-09-24 18:12:08 [http-nio-8088-exec-2] INFO  o.a.c.c.C.[Tomcat].[localhost].[/] - Initializing Spring DispatcherServlet 'dispatcherServlet'
2024-09-24 18:12:08 [http-nio-8088-exec-2] INFO  o.s.web.servlet.DispatcherServlet - Initializing Servlet 'dispatcherServlet'
2024-09-24 18:12:08 [http-nio-8088-exec-2] INFO  o.s.web.servlet.DispatcherServlet - Completed initialization in 1 ms
2024-09-24 18:12:08 [http-nio-8088-exec-2] DEBUG org.hibernate.SQL - select u1_0.id,u1_0.active,u1_0.lastname,u1_0.name,u1_0.password,u1_0.role_id,u1_0.username from user u1_0 where u1_0.username=?
2024-09-24 18:12:08 [http-nio-8088-exec-2] DEBUG org.hibernate.SQL - select u1_0.id,u1_0.active,u1_0.lastname,u1_0.name,u1_0.password,u1_0.role_id,u1_0.username from user u1_0 where u1_0.username=?
2024-09-24 18:12:08 [http-nio-8088-exec-2] DEBUG org.hibernate.SQL - select r1_0.id,r1_0.active,r1_0.name from role r1_0 where r1_0.id=?
2024-09-24 18:12:19 [http-nio-8088-exec-8] DEBUG org.hibernate.SQL - select u1_0.id,u1_0.active,u1_0.lastname,u1_0.name,u1_0.password,u1_0.role_id,u1_0.username from user u1_0 where u1_0.username=?
2024-09-24 18:12:25 [http-nio-8088-exec-3] DEBUG org.hibernate.SQL - select u1_0.id,u1_0.active,u1_0.lastname,u1_0.name,u1_0.password,u1_0.role_id,u1_0.username from user u1_0 where u1_0.username=?
2024-09-24 18:12:32 [http-nio-8088-exec-4] DEBUG org.hibernate.SQL - select u1_0.id,u1_0.active,u1_0.lastname,u1_0.name,u1_0.password,u1_0.role_id,u1_0.username from user u1_0 where u1_0.username=?
2024-09-24 18:13:25 [SpringApplicationShutdownHook] INFO  o.s.o.j.LocalContainerEntityManagerFactoryBean - Closing JPA EntityManagerFactory for persistence unit 'default'
2024-09-24 18:13:25 [SpringApplicationShutdownHook] INFO  com.zaxxer.hikari.HikariDataSource - HikariPool-3 - Shutdown initiated...
2024-09-24 18:13:25 [SpringApplicationShutdownHook] INFO  com.zaxxer.hikari.HikariDataSource - HikariPool-3 - Shutdown completed.
2024-09-24 18:13:27 [restartedMain] INFO  r.ferrico_api.FerricoApiApplication - Starting FerricoApiApplication using Java 17.0.12 with PID 271569 (/home/joluvc01/IdeaProjects/ferrico_api/target/classes started by joluvc01 in /home/joluvc01/IdeaProjects/ferrico_api)
2024-09-24 18:13:27 [restartedMain] INFO  r.ferrico_api.FerricoApiApplication - No active profile set, falling back to 1 default profile: "default"
2024-09-24 18:13:27 [restartedMain] INFO  o.s.b.d.e.DevToolsPropertyDefaultsPostProcessor - Devtools property defaults active! Set 'spring.devtools.add-properties' to 'false' to disable
2024-09-24 18:13:27 [restartedMain] INFO  o.s.b.d.e.DevToolsPropertyDefaultsPostProcessor - For additional web related logging consider setting the 'logging.level.web' property to 'DEBUG'
2024-09-24 18:13:28 [restartedMain] INFO  o.s.d.r.c.RepositoryConfigurationDelegate - Bootstrapping Spring Data JPA repositories in DEFAULT mode.
2024-09-24 18:13:28 [restartedMain] INFO  o.s.d.r.c.RepositoryConfigurationDelegate - Finished Spring Data repository scanning in 24 ms. Found 2 JPA repository interfaces.
2024-09-24 18:13:28 [restartedMain] INFO  o.s.b.w.e.tomcat.TomcatWebServer - Tomcat initialized with port 8088 (http)
2024-09-24 18:13:28 [restartedMain] INFO  o.a.catalina.core.StandardService - Starting service [Tomcat]
2024-09-24 18:13:28 [restartedMain] INFO  o.a.catalina.core.StandardEngine - Starting Servlet engine: [Apache Tomcat/10.1.28]
2024-09-24 18:13:28 [restartedMain] INFO  o.a.c.c.C.[Tomcat].[localhost].[/] - Initializing Spring embedded WebApplicationContext
2024-09-24 18:13:28 [restartedMain] INFO  o.s.b.w.s.c.ServletWebServerApplicationContext - Root WebApplicationContext: initialization completed in 694 ms
2024-09-24 18:13:28 [restartedMain] INFO  o.h.jpa.internal.util.LogHelper - HHH000204: Processing PersistenceUnitInfo [name: default]
2024-09-24 18:13:28 [restartedMain] INFO  org.hibernate.Version - HHH000412: Hibernate ORM core version 6.5.2.Final
2024-09-24 18:13:28 [restartedMain] INFO  o.h.c.i.RegionFactoryInitiator - HHH000026: Second-level cache disabled
2024-09-24 18:13:28 [restartedMain] INFO  o.s.o.j.p.SpringPersistenceUnitInfo - No LoadTimeWeaver setup: ignoring JPA class transformer
2024-09-24 18:13:28 [restartedMain] INFO  com.zaxxer.hikari.HikariDataSource - HikariPool-1 - Starting...
2024-09-24 18:13:28 [restartedMain] INFO  com.zaxxer.hikari.pool.HikariPool - HikariPool-1 - Added connection com.mysql.cj.jdbc.ConnectionImpl@2c7e0698
2024-09-24 18:13:28 [restartedMain] INFO  com.zaxxer.hikari.HikariDataSource - HikariPool-1 - Start completed.
2024-09-24 18:13:28 [restartedMain] WARN  org.hibernate.orm.deprecation - HHH90000025: MySQL8Dialect does not need to be specified explicitly using 'hibernate.dialect' (remove the property setting and it will be selected by default)
2024-09-24 18:13:28 [restartedMain] WARN  org.hibernate.orm.deprecation - HHH90000026: MySQL8Dialect has been deprecated; use org.hibernate.dialect.MySQLDialect instead
2024-09-24 18:13:29 [restartedMain] INFO  o.h.e.t.j.p.i.JtaPlatformInitiator - HHH000489: No JTA platform available (set 'hibernate.transaction.jta.platform' to enable JTA platform integration)
2024-09-24 18:13:29 [restartedMain] INFO  o.s.o.j.LocalContainerEntityManagerFactoryBean - Initialized JPA EntityManagerFactory for persistence unit 'default'
2024-09-24 18:13:29 [restartedMain] INFO  o.s.s.c.a.a.c.InitializeAuthenticationProviderBeanManagerConfigurer$InitializeAuthenticationProviderManagerConfigurer - Global AuthenticationManager configured with AuthenticationProvider bean with name authenticationProvider
2024-09-24 18:13:29 [restartedMain] WARN  o.s.s.c.a.a.c.InitializeUserDetailsBeanManagerConfigurer$InitializeUserDetailsManagerConfigurer - Global AuthenticationManager configured with an AuthenticationProvider bean. UserDetailsService beans will not be used for username/password login. Consider removing the AuthenticationProvider bean. Alternatively, consider using the UserDetailsService in a manually instantiated DaoAuthenticationProvider.
2024-09-24 18:13:29 [restartedMain] WARN  o.s.b.a.o.j.JpaBaseConfiguration$JpaWebConfiguration - spring.jpa.open-in-view is enabled by default. Therefore, database queries may be performed during view rendering. Explicitly configure spring.jpa.open-in-view to disable this warning
2024-09-24 18:13:29 [restartedMain] INFO  o.s.b.d.a.OptionalLiveReloadServer - LiveReload server is running on port 35729
2024-09-24 18:13:29 [restartedMain] INFO  o.s.b.w.e.tomcat.TomcatWebServer - Tomcat started on port 8088 (http) with context path '/'
2024-09-24 18:13:29 [restartedMain] INFO  r.ferrico_api.FerricoApiApplication - Started FerricoApiApplication in 2.324 seconds (process running for 2.6)
2024-09-24 18:13:29 [restartedMain] DEBUG org.hibernate.SQL - select r1_0.id,r1_0.active,r1_0.name from role r1_0 where r1_0.name=?
2024-09-24 18:13:29 [restartedMain] DEBUG org.hibernate.SQL - select u1_0.id,u1_0.active,u1_0.lastname,u1_0.name,u1_0.password,u1_0.role_id,u1_0.username from user u1_0 where u1_0.username=?
2024-09-24 18:13:34 [http-nio-8088-exec-2] INFO  o.a.c.c.C.[Tomcat].[localhost].[/] - Initializing Spring DispatcherServlet 'dispatcherServlet'
2024-09-24 18:13:34 [http-nio-8088-exec-2] INFO  o.s.web.servlet.DispatcherServlet - Initializing Servlet 'dispatcherServlet'
2024-09-24 18:13:34 [http-nio-8088-exec-2] INFO  o.s.web.servlet.DispatcherServlet - Completed initialization in 0 ms
2024-09-24 18:13:34 [http-nio-8088-exec-2] DEBUG org.hibernate.SQL - select u1_0.id,u1_0.active,u1_0.lastname,u1_0.name,u1_0.password,u1_0.role_id,u1_0.username from user u1_0 where u1_0.username=?
2024-09-24 18:13:38 [http-nio-8088-exec-3] DEBUG org.hibernate.SQL - select u1_0.id,u1_0.active,u1_0.lastname,u1_0.name,u1_0.password,u1_0.role_id,u1_0.username from user u1_0 where u1_0.username=?
2024-09-24 18:13:38 [http-nio-8088-exec-3] DEBUG org.hibernate.SQL - select u1_0.id,u1_0.active,u1_0.lastname,u1_0.name,u1_0.password,u1_0.role_id,u1_0.username from user u1_0 where u1_0.username=?
2024-09-24 18:13:38 [http-nio-8088-exec-3] DEBUG org.hibernate.SQL - select r1_0.id,r1_0.active,r1_0.name from role r1_0 where r1_0.id=?
2024-09-24 18:14:24 [File Watcher] INFO  o.s.b.d.a.LocalDevToolsAutoConfiguration$RestartingClassPathChangeChangedEventListener - Restarting due to 1 class path change (0 additions, 0 deletions, 1 modification)
2024-09-24 18:14:24 [Thread-5] INFO  o.s.o.j.LocalContainerEntityManagerFactoryBean - Closing JPA EntityManagerFactory for persistence unit 'default'
2024-09-24 18:14:24 [Thread-5] INFO  com.zaxxer.hikari.HikariDataSource - HikariPool-1 - Shutdown initiated...
2024-09-24 18:14:24 [Thread-5] INFO  com.zaxxer.hikari.HikariDataSource - HikariPool-1 - Shutdown completed.
2024-09-24 18:14:24 [restartedMain] INFO  r.ferrico_api.FerricoApiApplication - Starting FerricoApiApplication using Java 17.0.12 with PID 271569 (/home/joluvc01/IdeaProjects/ferrico_api/target/classes started by joluvc01 in /home/joluvc01/IdeaProjects/ferrico_api)
2024-09-24 18:14:24 [restartedMain] INFO  r.ferrico_api.FerricoApiApplication - No active profile set, falling back to 1 default profile: "default"
2024-09-24 18:14:24 [restartedMain] INFO  o.s.d.r.c.RepositoryConfigurationDelegate - Bootstrapping Spring Data JPA repositories in DEFAULT mode.
2024-09-24 18:14:24 [restartedMain] INFO  o.s.d.r.c.RepositoryConfigurationDelegate - Finished Spring Data repository scanning in 5 ms. Found 2 JPA repository interfaces.
2024-09-24 18:14:24 [restartedMain] INFO  o.s.b.w.e.tomcat.TomcatWebServer - Tomcat initialized with port 8088 (http)
2024-09-24 18:14:24 [restartedMain] INFO  o.a.catalina.core.StandardService - Starting service [Tomcat]
2024-09-24 18:14:24 [restartedMain] INFO  o.a.catalina.core.StandardEngine - Starting Servlet engine: [Apache Tomcat/10.1.28]
2024-09-24 18:14:24 [restartedMain] INFO  o.a.c.c.C.[Tomcat].[localhost].[/] - Initializing Spring embedded WebApplicationContext
2024-09-24 18:14:24 [restartedMain] INFO  o.s.b.w.s.c.ServletWebServerApplicationContext - Root WebApplicationContext: initialization completed in 168 ms
2024-09-24 18:14:24 [restartedMain] INFO  o.h.jpa.internal.util.LogHelper - HHH000204: Processing PersistenceUnitInfo [name: default]
2024-09-24 18:14:24 [restartedMain] INFO  o.h.c.i.RegionFactoryInitiator - HHH000026: Second-level cache disabled
2024-09-24 18:14:24 [restartedMain] INFO  o.s.o.j.p.SpringPersistenceUnitInfo - No LoadTimeWeaver setup: ignoring JPA class transformer
2024-09-24 18:14:24 [restartedMain] INFO  com.zaxxer.hikari.HikariDataSource - HikariPool-2 - Starting...
2024-09-24 18:14:24 [restartedMain] INFO  com.zaxxer.hikari.pool.HikariPool - HikariPool-2 - Added connection com.mysql.cj.jdbc.ConnectionImpl@42b58088
2024-09-24 18:14:24 [restartedMain] INFO  com.zaxxer.hikari.HikariDataSource - HikariPool-2 - Start completed.
2024-09-24 18:14:24 [restartedMain] WARN  org.hibernate.orm.deprecation - HHH90000025: MySQL8Dialect does not need to be specified explicitly using 'hibernate.dialect' (remove the property setting and it will be selected by default)
2024-09-24 18:14:24 [restartedMain] WARN  org.hibernate.orm.deprecation - HHH90000026: MySQL8Dialect has been deprecated; use org.hibernate.dialect.MySQLDialect instead
2024-09-24 18:14:24 [restartedMain] INFO  o.h.e.t.j.p.i.JtaPlatformInitiator - HHH000489: No JTA platform available (set 'hibernate.transaction.jta.platform' to enable JTA platform integration)
2024-09-24 18:14:24 [restartedMain] INFO  o.s.o.j.LocalContainerEntityManagerFactoryBean - Initialized JPA EntityManagerFactory for persistence unit 'default'
2024-09-24 18:14:24 [restartedMain] INFO  o.s.s.c.a.a.c.InitializeAuthenticationProviderBeanManagerConfigurer$InitializeAuthenticationProviderManagerConfigurer - Global AuthenticationManager configured with AuthenticationProvider bean with name authenticationProvider
2024-09-24 18:14:24 [restartedMain] WARN  o.s.s.c.a.a.c.InitializeUserDetailsBeanManagerConfigurer$InitializeUserDetailsManagerConfigurer - Global AuthenticationManager configured with an AuthenticationProvider bean. UserDetailsService beans will not be used for username/password login. Consider removing the AuthenticationProvider bean. Alternatively, consider using the UserDetailsService in a manually instantiated DaoAuthenticationProvider.
2024-09-24 18:14:24 [restartedMain] WARN  o.s.b.a.o.j.JpaBaseConfiguration$JpaWebConfiguration - spring.jpa.open-in-view is enabled by default. Therefore, database queries may be performed during view rendering. Explicitly configure spring.jpa.open-in-view to disable this warning
2024-09-24 18:14:24 [restartedMain] INFO  o.s.b.d.a.OptionalLiveReloadServer - LiveReload server is running on port 35729
2024-09-24 18:14:24 [restartedMain] INFO  o.s.b.w.e.tomcat.TomcatWebServer - Tomcat started on port 8088 (http) with context path '/'
2024-09-24 18:14:24 [restartedMain] INFO  r.ferrico_api.FerricoApiApplication - Started FerricoApiApplication in 0.462 seconds (process running for 57.556)
2024-09-24 18:14:24 [restartedMain] DEBUG org.hibernate.SQL - select r1_0.id,r1_0.active,r1_0.name from role r1_0 where r1_0.name=?
2024-09-24 18:14:24 [restartedMain] DEBUG org.hibernate.SQL - select u1_0.id,u1_0.active,u1_0.lastname,u1_0.name,u1_0.password,u1_0.role_id,u1_0.username from user u1_0 where u1_0.username=?
2024-09-24 18:14:24 [restartedMain] INFO  o.s.b.d.a.ConditionEvaluationDeltaLoggingListener - Condition evaluation unchanged
2024-09-24 18:14:30 [File Watcher] INFO  o.s.b.d.a.LocalDevToolsAutoConfiguration$RestartingClassPathChangeChangedEventListener - Restarting due to 1 class path change (0 additions, 0 deletions, 1 modification)
2024-09-24 18:14:30 [Thread-7] INFO  o.s.o.j.LocalContainerEntityManagerFactoryBean - Closing JPA EntityManagerFactory for persistence unit 'default'
2024-09-24 18:14:30 [Thread-7] INFO  com.zaxxer.hikari.HikariDataSource - HikariPool-2 - Shutdown initiated...
2024-09-24 18:14:30 [Thread-7] INFO  com.zaxxer.hikari.HikariDataSource - HikariPool-2 - Shutdown completed.
2024-09-24 18:14:30 [restartedMain] INFO  r.ferrico_api.FerricoApiApplication - Starting FerricoApiApplication using Java 17.0.12 with PID 271569 (/home/joluvc01/IdeaProjects/ferrico_api/target/classes started by joluvc01 in /home/joluvc01/IdeaProjects/ferrico_api)
2024-09-24 18:14:30 [restartedMain] INFO  r.ferrico_api.FerricoApiApplication - No active profile set, falling back to 1 default profile: "default"
2024-09-24 18:14:30 [restartedMain] INFO  o.s.d.r.c.RepositoryConfigurationDelegate - Bootstrapping Spring Data JPA repositories in DEFAULT mode.
2024-09-24 18:14:30 [restartedMain] INFO  o.s.d.r.c.RepositoryConfigurationDelegate - Finished Spring Data repository scanning in 4 ms. Found 2 JPA repository interfaces.
2024-09-24 18:14:30 [restartedMain] INFO  o.s.b.w.e.tomcat.TomcatWebServer - Tomcat initialized with port 8088 (http)
2024-09-24 18:14:30 [restartedMain] INFO  o.a.catalina.core.StandardService - Starting service [Tomcat]
2024-09-24 18:14:30 [restartedMain] INFO  o.a.catalina.core.StandardEngine - Starting Servlet engine: [Apache Tomcat/10.1.28]
2024-09-24 18:14:30 [restartedMain] INFO  o.a.c.c.C.[Tomcat].[localhost].[/] - Initializing Spring embedded WebApplicationContext
2024-09-24 18:14:30 [restartedMain] INFO  o.s.b.w.s.c.ServletWebServerApplicationContext - Root WebApplicationContext: initialization completed in 135 ms
2024-09-24 18:14:30 [restartedMain] INFO  o.h.jpa.internal.util.LogHelper - HHH000204: Processing PersistenceUnitInfo [name: default]
2024-09-24 18:14:30 [restartedMain] INFO  o.h.c.i.RegionFactoryInitiator - HHH000026: Second-level cache disabled
2024-09-24 18:14:30 [restartedMain] INFO  o.s.o.j.p.SpringPersistenceUnitInfo - No LoadTimeWeaver setup: ignoring JPA class transformer
2024-09-24 18:14:30 [restartedMain] INFO  com.zaxxer.hikari.HikariDataSource - HikariPool-3 - Starting...
2024-09-24 18:14:30 [restartedMain] INFO  com.zaxxer.hikari.pool.HikariPool - HikariPool-3 - Added connection com.mysql.cj.jdbc.ConnectionImpl@129d46b5
2024-09-24 18:14:30 [restartedMain] INFO  com.zaxxer.hikari.HikariDataSource - HikariPool-3 - Start completed.
2024-09-24 18:14:30 [restartedMain] WARN  org.hibernate.orm.deprecation - HHH90000025: MySQL8Dialect does not need to be specified explicitly using 'hibernate.dialect' (remove the property setting and it will be selected by default)
2024-09-24 18:14:30 [restartedMain] WARN  org.hibernate.orm.deprecation - HHH90000026: MySQL8Dialect has been deprecated; use org.hibernate.dialect.MySQLDialect instead
2024-09-24 18:14:30 [restartedMain] INFO  o.h.e.t.j.p.i.JtaPlatformInitiator - HHH000489: No JTA platform available (set 'hibernate.transaction.jta.platform' to enable JTA platform integration)
2024-09-24 18:14:30 [restartedMain] INFO  o.s.o.j.LocalContainerEntityManagerFactoryBean - Initialized JPA EntityManagerFactory for persistence unit 'default'
2024-09-24 18:14:30 [restartedMain] INFO  o.s.s.c.a.a.c.InitializeAuthenticationProviderBeanManagerConfigurer$InitializeAuthenticationProviderManagerConfigurer - Global AuthenticationManager configured with AuthenticationProvider bean with name authenticationProvider
2024-09-24 18:14:30 [restartedMain] WARN  o.s.s.c.a.a.c.InitializeUserDetailsBeanManagerConfigurer$InitializeUserDetailsManagerConfigurer - Global AuthenticationManager configured with an AuthenticationProvider bean. UserDetailsService beans will not be used for username/password login. Consider removing the AuthenticationProvider bean. Alternatively, consider using the UserDetailsService in a manually instantiated DaoAuthenticationProvider.
2024-09-24 18:14:30 [restartedMain] WARN  o.s.b.a.o.j.JpaBaseConfiguration$JpaWebConfiguration - spring.jpa.open-in-view is enabled by default. Therefore, database queries may be performed during view rendering. Explicitly configure spring.jpa.open-in-view to disable this warning
2024-09-24 18:14:31 [restartedMain] INFO  o.s.b.d.a.OptionalLiveReloadServer - LiveReload server is running on port 35729
2024-09-24 18:14:31 [restartedMain] INFO  o.s.b.w.e.tomcat.TomcatWebServer - Tomcat started on port 8088 (http) with context path '/'
2024-09-24 18:14:31 [restartedMain] INFO  r.ferrico_api.FerricoApiApplication - Started FerricoApiApplication in 0.388 seconds (process running for 63.785)
2024-09-24 18:14:31 [restartedMain] DEBUG org.hibernate.SQL - select r1_0.id,r1_0.active,r1_0.name from role r1_0 where r1_0.name=?
2024-09-24 18:14:31 [restartedMain] DEBUG org.hibernate.SQL - select u1_0.id,u1_0.active,u1_0.lastname,u1_0.name,u1_0.password,u1_0.role_id,u1_0.username from user u1_0 where u1_0.username=?
2024-09-24 18:14:31 [restartedMain] INFO  o.s.b.d.a.ConditionEvaluationDeltaLoggingListener - Condition evaluation unchanged
2024-09-24 18:14:37 [SpringApplicationShutdownHook] INFO  o.s.o.j.LocalContainerEntityManagerFactoryBean - Closing JPA EntityManagerFactory for persistence unit 'default'
2024-09-24 18:14:37 [SpringApplicationShutdownHook] INFO  com.zaxxer.hikari.HikariDataSource - HikariPool-3 - Shutdown initiated...
2024-09-24 18:14:37 [SpringApplicationShutdownHook] INFO  com.zaxxer.hikari.HikariDataSource - HikariPool-3 - Shutdown completed.
2024-09-24 18:14:38 [restartedMain] INFO  r.ferrico_api.FerricoApiApplication - Starting FerricoApiApplication using Java 17.0.12 with PID 273223 (/home/joluvc01/IdeaProjects/ferrico_api/target/classes started by joluvc01 in /home/joluvc01/IdeaProjects/ferrico_api)
2024-09-24 18:14:38 [restartedMain] INFO  r.ferrico_api.FerricoApiApplication - No active profile set, falling back to 1 default profile: "default"
2024-09-24 18:14:38 [restartedMain] INFO  o.s.b.d.e.DevToolsPropertyDefaultsPostProcessor - Devtools property defaults active! Set 'spring.devtools.add-properties' to 'false' to disable
2024-09-24 18:14:38 [restartedMain] INFO  o.s.b.d.e.DevToolsPropertyDefaultsPostProcessor - For additional web related logging consider setting the 'logging.level.web' property to 'DEBUG'
2024-09-24 18:14:38 [restartedMain] INFO  o.s.d.r.c.RepositoryConfigurationDelegate - Bootstrapping Spring Data JPA repositories in DEFAULT mode.
2024-09-24 18:14:38 [restartedMain] INFO  o.s.d.r.c.RepositoryConfigurationDelegate - Finished Spring Data repository scanning in 25 ms. Found 2 JPA repository interfaces.
2024-09-24 18:14:39 [restartedMain] INFO  o.s.b.w.e.tomcat.TomcatWebServer - Tomcat initialized with port 8088 (http)
2024-09-24 18:14:39 [restartedMain] INFO  o.a.catalina.core.StandardService - Starting service [Tomcat]
2024-09-24 18:14:39 [restartedMain] INFO  o.a.catalina.core.StandardEngine - Starting Servlet engine: [Apache Tomcat/10.1.28]
2024-09-24 18:14:39 [restartedMain] INFO  o.a.c.c.C.[Tomcat].[localhost].[/] - Initializing Spring embedded WebApplicationContext
2024-09-24 18:14:39 [restartedMain] INFO  o.s.b.w.s.c.ServletWebServerApplicationContext - Root WebApplicationContext: initialization completed in 703 ms
2024-09-24 18:14:39 [restartedMain] INFO  o.h.jpa.internal.util.LogHelper - HHH000204: Processing PersistenceUnitInfo [name: default]
2024-09-24 18:14:39 [restartedMain] INFO  org.hibernate.Version - HHH000412: Hibernate ORM core version 6.5.2.Final
2024-09-24 18:14:39 [restartedMain] INFO  o.h.c.i.RegionFactoryInitiator - HHH000026: Second-level cache disabled
2024-09-24 18:14:39 [restartedMain] INFO  o.s.o.j.p.SpringPersistenceUnitInfo - No LoadTimeWeaver setup: ignoring JPA class transformer
2024-09-24 18:14:39 [restartedMain] INFO  com.zaxxer.hikari.HikariDataSource - HikariPool-1 - Starting...
2024-09-24 18:14:39 [restartedMain] INFO  com.zaxxer.hikari.pool.HikariPool - HikariPool-1 - Added connection com.mysql.cj.jdbc.ConnectionImpl@7ffdbe4f
2024-09-24 18:14:39 [restartedMain] INFO  com.zaxxer.hikari.HikariDataSource - HikariPool-1 - Start completed.
2024-09-24 18:14:39 [restartedMain] WARN  org.hibernate.orm.deprecation - HHH90000025: MySQL8Dialect does not need to be specified explicitly using 'hibernate.dialect' (remove the property setting and it will be selected by default)
2024-09-24 18:14:39 [restartedMain] WARN  org.hibernate.orm.deprecation - HHH90000026: MySQL8Dialect has been deprecated; use org.hibernate.dialect.MySQLDialect instead
2024-09-24 18:14:40 [restartedMain] INFO  o.h.e.t.j.p.i.JtaPlatformInitiator - HHH000489: No JTA platform available (set 'hibernate.transaction.jta.platform' to enable JTA platform integration)
2024-09-24 18:14:40 [restartedMain] INFO  o.s.o.j.LocalContainerEntityManagerFactoryBean - Initialized JPA EntityManagerFactory for persistence unit 'default'
2024-09-24 18:14:40 [restartedMain] INFO  o.s.s.c.a.a.c.InitializeAuthenticationProviderBeanManagerConfigurer$InitializeAuthenticationProviderManagerConfigurer - Global AuthenticationManager configured with AuthenticationProvider bean with name authenticationProvider
2024-09-24 18:14:40 [restartedMain] WARN  o.s.s.c.a.a.c.InitializeUserDetailsBeanManagerConfigurer$InitializeUserDetailsManagerConfigurer - Global AuthenticationManager configured with an AuthenticationProvider bean. UserDetailsService beans will not be used for username/password login. Consider removing the AuthenticationProvider bean. Alternatively, consider using the UserDetailsService in a manually instantiated DaoAuthenticationProvider.
2024-09-24 18:14:40 [restartedMain] WARN  o.s.b.a.o.j.JpaBaseConfiguration$JpaWebConfiguration - spring.jpa.open-in-view is enabled by default. Therefore, database queries may be performed during view rendering. Explicitly configure spring.jpa.open-in-view to disable this warning
2024-09-24 18:14:40 [restartedMain] INFO  o.s.b.d.a.OptionalLiveReloadServer - LiveReload server is running on port 35729
2024-09-24 18:14:40 [restartedMain] INFO  o.s.b.w.e.tomcat.TomcatWebServer - Tomcat started on port 8088 (http) with context path '/'
2024-09-24 18:14:40 [restartedMain] INFO  r.ferrico_api.FerricoApiApplication - Started FerricoApiApplication in 2.488 seconds (process running for 2.779)
2024-09-24 18:14:40 [restartedMain] DEBUG org.hibernate.SQL - select r1_0.id,r1_0.active,r1_0.name from role r1_0 where r1_0.name=?
2024-09-24 18:14:40 [restartedMain] DEBUG org.hibernate.SQL - select u1_0.id,u1_0.active,u1_0.lastname,u1_0.name,u1_0.password,u1_0.role_id,u1_0.username from user u1_0 where u1_0.username=?
2024-09-24 18:14:42 [http-nio-8088-exec-1] INFO  o.a.c.c.C.[Tomcat].[localhost].[/] - Initializing Spring DispatcherServlet 'dispatcherServlet'
2024-09-24 18:14:42 [http-nio-8088-exec-1] INFO  o.s.web.servlet.DispatcherServlet - Initializing Servlet 'dispatcherServlet'
2024-09-24 18:14:42 [http-nio-8088-exec-1] INFO  o.s.web.servlet.DispatcherServlet - Completed initialization in 0 ms
2024-09-24 18:15:02 [http-nio-8088-exec-3] DEBUG org.hibernate.SQL - select u1_0.id,u1_0.active,u1_0.lastname,u1_0.name,u1_0.password,u1_0.role_id,u1_0.username from user u1_0 where u1_0.username=?
2024-09-24 18:15:02 [http-nio-8088-exec-3] DEBUG org.hibernate.SQL - select u1_0.id,u1_0.active,u1_0.lastname,u1_0.name,u1_0.password,u1_0.role_id,u1_0.username from user u1_0
2024-09-24 18:15:02 [http-nio-8088-exec-3] DEBUG org.hibernate.SQL - select r1_0.id,r1_0.active,r1_0.name from role r1_0 where r1_0.id=?
2024-09-24 18:16:28 [http-nio-8088-exec-6] DEBUG org.hibernate.SQL - select u1_0.id,u1_0.active,u1_0.lastname,u1_0.name,u1_0.password,u1_0.role_id,u1_0.username from user u1_0 where u1_0.username=?
2024-09-24 18:16:28 [http-nio-8088-exec-6] DEBUG org.hibernate.SQL - select u1_0.id,u1_0.active,u1_0.lastname,u1_0.name,u1_0.password,u1_0.role_id,u1_0.username from user u1_0 where u1_0.id=?
2024-09-24 18:16:28 [http-nio-8088-exec-6] DEBUG org.hibernate.SQL - select r1_0.id,r1_0.active,r1_0.name from role r1_0 where r1_0.id=?
2024-09-24 18:16:32 [http-nio-8088-exec-7] DEBUG org.hibernate.SQL - select u1_0.id,u1_0.active,u1_0.lastname,u1_0.name,u1_0.password,u1_0.role_id,u1_0.username from user u1_0 where u1_0.username=?
2024-09-24 18:16:32 [http-nio-8088-exec-7] DEBUG org.hibernate.SQL - select u1_0.id,u1_0.active,u1_0.lastname,u1_0.name,u1_0.password,u1_0.role_id,u1_0.username from user u1_0 where u1_0.id=?
2024-09-24 18:17:57 [File Watcher] INFO  o.s.b.d.a.LocalDevToolsAutoConfiguration$RestartingClassPathChangeChangedEventListener - Restarting due to 1 class path change (0 additions, 0 deletions, 1 modification)
2024-09-24 18:17:57 [Thread-5] INFO  o.s.o.j.LocalContainerEntityManagerFactoryBean - Closing JPA EntityManagerFactory for persistence unit 'default'
2024-09-24 18:17:57 [Thread-5] INFO  com.zaxxer.hikari.HikariDataSource - HikariPool-1 - Shutdown initiated...
2024-09-24 18:17:57 [Thread-5] INFO  com.zaxxer.hikari.HikariDataSource - HikariPool-1 - Shutdown completed.
2024-09-24 18:17:57 [restartedMain] INFO  r.ferrico_api.FerricoApiApplication - Starting FerricoApiApplication using Java 17.0.12 with PID 273223 (/home/joluvc01/IdeaProjects/ferrico_api/target/classes started by joluvc01 in /home/joluvc01/IdeaProjects/ferrico_api)
2024-09-24 18:17:57 [restartedMain] INFO  r.ferrico_api.FerricoApiApplication - No active profile set, falling back to 1 default profile: "default"
2024-09-24 18:17:57 [restartedMain] INFO  o.s.d.r.c.RepositoryConfigurationDelegate - Bootstrapping Spring Data JPA repositories in DEFAULT mode.
2024-09-24 18:17:57 [restartedMain] INFO  o.s.d.r.c.RepositoryConfigurationDelegate - Finished Spring Data repository scanning in 5 ms. Found 2 JPA repository interfaces.
2024-09-24 18:17:57 [restartedMain] INFO  o.s.b.w.e.tomcat.TomcatWebServer - Tomcat initialized with port 8088 (http)
2024-09-24 18:17:57 [restartedMain] INFO  o.a.catalina.core.StandardService - Starting service [Tomcat]
2024-09-24 18:17:57 [restartedMain] INFO  o.a.catalina.core.StandardEngine - Starting Servlet engine: [Apache Tomcat/10.1.28]
2024-09-24 18:17:57 [restartedMain] INFO  o.a.c.c.C.[Tomcat].[localhost].[/] - Initializing Spring embedded WebApplicationContext
2024-09-24 18:17:57 [restartedMain] INFO  o.s.b.w.s.c.ServletWebServerApplicationContext - Root WebApplicationContext: initialization completed in 148 ms
2024-09-24 18:17:57 [restartedMain] INFO  o.h.jpa.internal.util.LogHelper - HHH000204: Processing PersistenceUnitInfo [name: default]
2024-09-24 18:17:57 [restartedMain] INFO  o.h.c.i.RegionFactoryInitiator - HHH000026: Second-level cache disabled
2024-09-24 18:17:57 [restartedMain] INFO  o.s.o.j.p.SpringPersistenceUnitInfo - No LoadTimeWeaver setup: ignoring JPA class transformer
2024-09-24 18:17:57 [restartedMain] INFO  com.zaxxer.hikari.HikariDataSource - HikariPool-2 - Starting...
2024-09-24 18:17:57 [restartedMain] INFO  com.zaxxer.hikari.pool.HikariPool - HikariPool-2 - Added connection com.mysql.cj.jdbc.ConnectionImpl@6a18bd02
2024-09-24 18:17:57 [restartedMain] INFO  com.zaxxer.hikari.HikariDataSource - HikariPool-2 - Start completed.
2024-09-24 18:17:57 [restartedMain] WARN  org.hibernate.orm.deprecation - HHH90000025: MySQL8Dialect does not need to be specified explicitly using 'hibernate.dialect' (remove the property setting and it will be selected by default)
2024-09-24 18:17:57 [restartedMain] WARN  org.hibernate.orm.deprecation - HHH90000026: MySQL8Dialect has been deprecated; use org.hibernate.dialect.MySQLDialect instead
2024-09-24 18:17:57 [restartedMain] INFO  o.h.e.t.j.p.i.JtaPlatformInitiator - HHH000489: No JTA platform available (set 'hibernate.transaction.jta.platform' to enable JTA platform integration)
2024-09-24 18:17:57 [restartedMain] INFO  o.s.o.j.LocalContainerEntityManagerFactoryBean - Initialized JPA EntityManagerFactory for persistence unit 'default'
2024-09-24 18:17:57 [restartedMain] INFO  o.s.s.c.a.a.c.InitializeAuthenticationProviderBeanManagerConfigurer$InitializeAuthenticationProviderManagerConfigurer - Global AuthenticationManager configured with AuthenticationProvider bean with name authenticationProvider
2024-09-24 18:17:57 [restartedMain] WARN  o.s.s.c.a.a.c.InitializeUserDetailsBeanManagerConfigurer$InitializeUserDetailsManagerConfigurer - Global AuthenticationManager configured with an AuthenticationProvider bean. UserDetailsService beans will not be used for username/password login. Consider removing the AuthenticationProvider bean. Alternatively, consider using the UserDetailsService in a manually instantiated DaoAuthenticationProvider.
2024-09-24 18:17:57 [restartedMain] WARN  o.s.b.a.o.j.JpaBaseConfiguration$JpaWebConfiguration - spring.jpa.open-in-view is enabled by default. Therefore, database queries may be performed during view rendering. Explicitly configure spring.jpa.open-in-view to disable this warning
2024-09-24 18:17:57 [restartedMain] INFO  o.s.b.d.a.OptionalLiveReloadServer - LiveReload server is running on port 35729
2024-09-24 18:17:57 [restartedMain] INFO  o.s.b.w.e.tomcat.TomcatWebServer - Tomcat started on port 8088 (http) with context path '/'
2024-09-24 18:17:57 [restartedMain] INFO  r.ferrico_api.FerricoApiApplication - Started FerricoApiApplication in 0.439 seconds (process running for 199.853)
2024-09-24 18:17:57 [restartedMain] DEBUG org.hibernate.SQL - select r1_0.id,r1_0.active,r1_0.name from role r1_0 where r1_0.name=?
2024-09-24 18:17:57 [restartedMain] DEBUG org.hibernate.SQL - select u1_0.id,u1_0.active,u1_0.lastname,u1_0.name,u1_0.password,u1_0.role_id,u1_0.username from user u1_0 where u1_0.username=?
2024-09-24 18:17:57 [restartedMain] INFO  o.s.b.d.a.ConditionEvaluationDeltaLoggingListener - Condition evaluation unchanged
2024-09-24 18:19:21 [http-nio-8088-exec-2] INFO  o.a.c.c.C.[Tomcat].[localhost].[/] - Initializing Spring DispatcherServlet 'dispatcherServlet'
2024-09-24 18:19:21 [http-nio-8088-exec-2] INFO  o.s.web.servlet.DispatcherServlet - Initializing Servlet 'dispatcherServlet'
2024-09-24 18:19:21 [http-nio-8088-exec-2] INFO  o.s.web.servlet.DispatcherServlet - Completed initialization in 1 ms
2024-09-24 18:19:21 [http-nio-8088-exec-2] DEBUG org.hibernate.SQL - select u1_0.id,u1_0.active,u1_0.lastname,u1_0.name,u1_0.password,u1_0.role_id,u1_0.username from user u1_0 where u1_0.username=?
2024-09-24 18:19:27 [http-nio-8088-exec-3] DEBUG org.hibernate.SQL - select u1_0.id,u1_0.active,u1_0.lastname,u1_0.name,u1_0.password,u1_0.role_id,u1_0.username from user u1_0 where u1_0.username=?
2024-09-24 18:19:32 [http-nio-8088-exec-4] DEBUG org.hibernate.SQL - select u1_0.id,u1_0.active,u1_0.lastname,u1_0.name,u1_0.password,u1_0.role_id,u1_0.username from user u1_0 where u1_0.username=?
2024-09-24 18:19:32 [http-nio-8088-exec-4] DEBUG org.hibernate.SQL - select u1_0.id,u1_0.active,u1_0.lastname,u1_0.name,u1_0.password,u1_0.role_id,u1_0.username from user u1_0 where u1_0.username=?
2024-09-24 18:19:32 [http-nio-8088-exec-4] DEBUG org.hibernate.SQL - select r1_0.id,r1_0.active,r1_0.name from role r1_0 where r1_0.id=?
2024-09-24 18:19:42 [http-nio-8088-exec-5] DEBUG org.hibernate.SQL - select u1_0.id,u1_0.active,u1_0.lastname,u1_0.name,u1_0.password,u1_0.role_id,u1_0.username from user u1_0 where u1_0.username=?
2024-09-24 18:20:18 [http-nio-8088-exec-6] DEBUG org.hibernate.SQL - select u1_0.id,u1_0.active,u1_0.lastname,u1_0.name,u1_0.password,u1_0.role_id,u1_0.username from user u1_0 where u1_0.username=?
2024-09-24 18:20:18 [http-nio-8088-exec-6] DEBUG org.hibernate.SQL - select u1_0.id,u1_0.active,u1_0.lastname,u1_0.name,u1_0.password,u1_0.role_id,u1_0.username from user u1_0 where u1_0.id=?
2024-09-24 18:20:18 [http-nio-8088-exec-6] DEBUG org.hibernate.SQL - select r1_0.id,r1_0.active,r1_0.name from role r1_0 where r1_0.id=?
2024-09-24 18:20:27 [http-nio-8088-exec-7] DEBUG org.hibernate.SQL - select u1_0.id,u1_0.active,u1_0.lastname,u1_0.name,u1_0.password,u1_0.role_id,u1_0.username from user u1_0 where u1_0.username=?
2024-09-24 18:20:27 [http-nio-8088-exec-7] DEBUG org.hibernate.SQL - select u1_0.id,u1_0.active,u1_0.lastname,u1_0.name,u1_0.password,u1_0.role_id,u1_0.username from user u1_0 where u1_0.username=?
2024-09-24 18:20:27 [http-nio-8088-exec-7] DEBUG org.hibernate.SQL - select r1_0.id,r1_0.active,r1_0.name from role r1_0 where r1_0.name=?
2024-09-24 18:20:27 [http-nio-8088-exec-7] DEBUG org.hibernate.SQL - insert into user (active,lastname,name,password,role_id,username) values (?,?,?,?,?,?)
2024-09-24 18:20:34 [http-nio-8088-exec-8] DEBUG org.hibernate.SQL - select u1_0.id,u1_0.active,u1_0.lastname,u1_0.name,u1_0.password,u1_0.role_id,u1_0.username from user u1_0 where u1_0.username=?
2024-09-24 18:20:34 [http-nio-8088-exec-8] DEBUG org.hibernate.SQL - select u1_0.id,u1_0.active,u1_0.lastname,u1_0.name,u1_0.password,u1_0.role_id,u1_0.username from user u1_0 where u1_0.id=?
2024-09-24 18:20:34 [http-nio-8088-exec-8] DEBUG org.hibernate.SQL - select r1_0.id,r1_0.active,r1_0.name from role r1_0 where r1_0.id=?
2024-09-24 18:20:39 [http-nio-8088-exec-9] DEBUG org.hibernate.SQL - select u1_0.id,u1_0.active,u1_0.lastname,u1_0.name,u1_0.password,u1_0.role_id,u1_0.username from user u1_0 where u1_0.username=?
2024-09-24 18:20:39 [http-nio-8088-exec-9] DEBUG org.hibernate.SQL - select u1_0.id,u1_0.active,u1_0.lastname,u1_0.name,u1_0.password,u1_0.role_id,u1_0.username from user u1_0
2024-09-24 18:20:39 [http-nio-8088-exec-9] DEBUG org.hibernate.SQL - select r1_0.id,r1_0.active,r1_0.name from role r1_0 where r1_0.id=?
2024-09-24 18:21:48 [http-nio-8088-exec-2] DEBUG org.hibernate.SQL - select u1_0.id,u1_0.active,u1_0.lastname,u1_0.name,u1_0.password,u1_0.role_id,u1_0.username from user u1_0 where u1_0.username=?
2024-09-24 18:21:48 [http-nio-8088-exec-2] DEBUG org.hibernate.SQL - select u1_0.id,u1_0.active,u1_0.lastname,u1_0.name,u1_0.password,u1_0.role_id,u1_0.username from user u1_0 where u1_0.id=?
2024-09-24 18:21:52 [http-nio-8088-exec-3] DEBUG org.hibernate.SQL - select u1_0.id,u1_0.active,u1_0.lastname,u1_0.name,u1_0.password,u1_0.role_id,u1_0.username from user u1_0 where u1_0.username=?
2024-09-24 18:21:52 [http-nio-8088-exec-3] DEBUG org.hibernate.SQL - select u1_0.id,u1_0.active,u1_0.lastname,u1_0.name,u1_0.password,u1_0.role_id,u1_0.username from user u1_0 where u1_0.id=?
2024-09-24 18:21:52 [http-nio-8088-exec-3] DEBUG org.hibernate.SQL - delete from user where id=?
2024-09-24 18:21:55 [http-nio-8088-exec-4] DEBUG org.hibernate.SQL - select u1_0.id,u1_0.active,u1_0.lastname,u1_0.name,u1_0.password,u1_0.role_id,u1_0.username from user u1_0 where u1_0.username=?
2024-09-24 18:21:55 [http-nio-8088-exec-4] DEBUG org.hibernate.SQL - select u1_0.id,u1_0.active,u1_0.lastname,u1_0.name,u1_0.password,u1_0.role_id,u1_0.username from user u1_0
2024-09-24 18:21:55 [http-nio-8088-exec-4] DEBUG org.hibernate.SQL - select r1_0.id,r1_0.active,r1_0.name from role r1_0 where r1_0.id=?
2024-09-24 18:22:00 [SpringApplicationShutdownHook] INFO  o.s.o.j.LocalContainerEntityManagerFactoryBean - Closing JPA EntityManagerFactory for persistence unit 'default'
2024-09-24 18:22:00 [SpringApplicationShutdownHook] INFO  com.zaxxer.hikari.HikariDataSource - HikariPool-2 - Shutdown initiated...
2024-09-24 18:22:00 [SpringApplicationShutdownHook] INFO  com.zaxxer.hikari.HikariDataSource - HikariPool-2 - Shutdown completed.
